[2025-11-20 14:15:07] [NOTICE] Heartbeat started at 2025-11-20 14:15:07 (PID: 79598)
[2025-11-20 14:15:07] [NOTICE] Log file: ai-works/logs/heartbeat_20251120141507.log
[2025-11-20 14:15:07] [NOTICE] Heartbeat monitor started at 2025-11-20 14:15:07
[2025-11-20 14:15:07] [NOTICE] Monitored directories: artifacts
[2025-11-20 14:15:07] [NOTICE] Warning threshold: 5 minutes
[2025-11-20 14:15:07] [NOTICE] Stop threshold: 10 minutes
[2025-11-20 14:15:07] [NOTICE] Sending initial heartbeat immediately after startup...
[2025-11-20 14:15:10] [HEARTBEAT] Initial heartbeat sent to agent session
[2025-11-20 14:15:10] [HEARTBEAT] Heartbeat sent to agent session
[2025-11-20 14:16:18] [HEARTBEAT] Heartbeat sent to agent session
[2025-11-20 14:17:25] [HEARTBEAT] Heartbeat sent to agent session
[2025-11-20 14:18:32] [HEARTBEAT] Heartbeat sent to agent session
[2025-11-20 14:19:40] [HEARTBEAT] Heartbeat sent to agent session
[2025-11-20 14:20:47] [HEARTBEAT] Heartbeat sent to agent session
[2025-11-20 14:21:54] [HEARTBEAT] Heartbeat sent to agent session
[2025-11-20 14:23:02] [HEARTBEAT] Heartbeat sent to agent session
[2025-11-20 14:24:09] [HEARTBEAT] Heartbeat sent to agent session
[2025-11-20 14:25:17] [HEARTBEAT] Heartbeat sent to agent session
[2025-11-20 14:26:20] [WARNING] [CHECK] Activity log frequency warning detected (code 10): 318 seconds
[2025-11-20 14:26:20] [WARNING] Activity log frequency warning: No activity log updates for 5 minutes.
[2025-11-20 14:26:24] [HEARTBEAT] Heartbeat sent to agent session
[2025-11-20 14:27:27] [WARNING] [CHECK] Activity log frequency warning detected (code 10): 385 seconds
[2025-11-20 14:27:27] [WARNING] Activity log frequency warning: No activity log updates for 6 minutes.
[2025-11-20 14:27:30] [HEARTBEAT] Heartbeat sent to agent session
[2025-11-20 14:28:38] [HEARTBEAT] Heartbeat sent to agent session
[2025-11-20 14:29:46] [HEARTBEAT] Heartbeat sent to agent session
[2025-11-20 14:30:49] [NOTICE] [CHECK] Introspection activity notification detected (code 21): 942 seconds
[2025-11-20 14:30:49] [NOTICE] Introspection activity notification: No introspection activity for 15 minutes.
[2025-11-20 14:30:53] [HEARTBEAT] Heartbeat sent to agent session
[2025-11-20 14:32:00] [HEARTBEAT] Heartbeat sent to agent session
[2025-11-20 14:33:07] [HEARTBEAT] Heartbeat sent to agent session
[2025-11-20 14:34:15] [HEARTBEAT] Heartbeat sent to agent session
[2025-11-20 14:35:22] [HEARTBEAT] Heartbeat sent to agent session
[2025-11-20 14:36:30] [HEARTBEAT] Heartbeat sent to agent session
[2025-11-20 14:37:37] [HEARTBEAT] Heartbeat sent to agent session
[2025-11-20 14:38:44] [HEARTBEAT] Heartbeat sent to agent session
[2025-11-20 14:39:52] [HEARTBEAT] Heartbeat sent to agent session
[2025-11-20 14:40:59] [HEARTBEAT] Heartbeat sent to agent session
[2025-11-20 14:42:06] [HEARTBEAT] Heartbeat sent to agent session
[2025-11-20 14:43:14] [HEARTBEAT] Heartbeat sent to agent session
[2025-11-20 14:44:21] [HEARTBEAT] Heartbeat sent to agent session
[2025-11-20 14:45:28] [HEARTBEAT] Heartbeat sent to agent session
[2025-11-20 14:46:32] [WARNING] [CHECK] Activity log frequency warning detected (code 10): 305 seconds
[2025-11-20 14:46:32] [WARNING] Activity log frequency warning: No activity log updates for 5 minutes.
[2025-11-20 14:46:35] [HEARTBEAT] Heartbeat sent to agent session
[2025-11-20 14:47:38] [WARNING] [CHECK] Activity log frequency warning detected (code 10): 372 seconds
[2025-11-20 14:47:38] [WARNING] Activity log frequency warning: No activity log updates for 6 minutes.
[2025-11-20 14:47:42] [HEARTBEAT] Heartbeat sent to agent session
[2025-11-20 14:48:45] [WARNING] [CHECK] Activity log frequency warning detected (code 10): 439 seconds
[2025-11-20 14:48:45] [WARNING] Activity log frequency warning: No activity log updates for 7 minutes.
[2025-11-20 14:48:48] [HEARTBEAT] Heartbeat sent to agent session
[2025-11-20 14:49:52] [WARNING] [CHECK] Activity log frequency warning detected (code 10): 505 seconds
[2025-11-20 14:49:52] [WARNING] Activity log frequency warning: No activity log updates for 8 minutes.
[2025-11-20 14:49:55] [HEARTBEAT] Heartbeat sent to agent session
[2025-11-20 14:50:59] [WARNING] [CHECK] Activity log frequency warning detected (code 10): 572 seconds
[2025-11-20 14:50:59] [WARNING] Activity log frequency warning: No activity log updates for 9 minutes.
[2025-11-20 14:51:02] [HEARTBEAT] Heartbeat sent to agent session
[2025-11-20 14:52:05] [WARNING] [CHECK] Activity log frequency error detected (code 11): 639 seconds
[2025-11-20 14:52:05] [WARNING] Consciousness level anomaly: No consciousness proof (activity/checkpoint logs) for 10 minutes.
[2025-11-20 14:52:05] [WARNING] Abnormal activity detected: 意識レベル低下検知 (attempt 1/3)
[2025-11-20 14:52:05] [NOTICE] Interrupting agent process...
[2025-11-20 14:52:08] [NOTICE] Agent processing has been interrupted.
[2025-11-20 14:52:08] [NOTICE] Saving chat with tag: HEARTBEAT_20251120141507_20251120145208
[2025-11-20 14:52:21] [NOTICE] Chat saved with tag: HEARTBEAT_20251120141507_20251120145208
[2025-11-20 14:52:21] [NOTICE] Context compression and recovery message prepared, entering recovery waiting state.
[2025-11-20 14:52:24] [HEARTBEAT] Heartbeat sent to agent session
[2025-11-20 14:52:24] [WARNING] [CHECK] Activity log frequency error detected (code 11): 658 seconds
[2025-11-20 14:52:24] [WARNING] Agent health check failed with status 11. Recovery not yet confirmed.
[2025-11-20 14:53:27] [WARNING] [CHECK] Activity log frequency error detected (code 11): 721 seconds
[2025-11-20 14:53:27] [WARNING] Agent health check failed with status 11. Recovery not yet confirmed.
[2025-11-20 14:54:31] [NOTICE] Agent health check passed. Recovery confirmed.
[2025-11-20 14:54:31] [NOTICE] Agent recovery confirmed. Returning to normal state.
[2025-11-20 14:55:39] [HEARTBEAT] Heartbeat sent to agent session
[2025-11-20 14:56:46] [HEARTBEAT] Heartbeat sent to agent session
[2025-11-20 14:57:54] [HEARTBEAT] Heartbeat sent to agent session
[2025-11-20 14:59:01] [HEARTBEAT] Heartbeat sent to agent session
[2025-11-20 15:00:09] [HEARTBEAT] Heartbeat sent to agent session
[2025-11-20 15:01:16] [HEARTBEAT] Heartbeat sent to agent session
[2025-11-20 15:02:23] [HEARTBEAT] Heartbeat sent to agent session
[2025-11-20 15:03:30] [HEARTBEAT] Heartbeat sent to agent session
[2025-11-20 15:04:38] [HEARTBEAT] Heartbeat sent to agent session
[2025-11-20 15:05:45] [HEARTBEAT] Heartbeat sent to agent session
[2025-11-20 15:06:52] [HEARTBEAT] Heartbeat sent to agent session
[2025-11-20 15:08:00] [HEARTBEAT] Heartbeat sent to agent session
[2025-11-20 15:09:04] [NOTICE] [CHECK] Introspection activity notification detected (code 21): 905 seconds
[2025-11-20 15:09:04] [NOTICE] Introspection activity notification: No introspection activity for 15 minutes.
[2025-11-20 15:09:07] [HEARTBEAT] Heartbeat sent to agent session
[2025-11-20 15:10:12] [NOTICE] [CHECK] Introspection activity notification detected (code 21): 972 seconds
[2025-11-20 15:10:12] [NOTICE] Introspection activity notification: No introspection activity for 16 minutes.
[2025-11-20 15:10:15] [HEARTBEAT] Heartbeat sent to agent session
[2025-11-20 15:11:19] [NOTICE] [CHECK] Introspection activity notification detected (code 21): 1040 seconds
[2025-11-20 15:11:19] [NOTICE] Introspection activity notification: No introspection activity for 17 minutes.
[2025-11-20 15:11:23] [HEARTBEAT] Heartbeat sent to agent session
[2025-11-20 15:12:30] [HEARTBEAT] Heartbeat sent to agent session
[2025-11-20 15:13:37] [HEARTBEAT] Heartbeat sent to agent session
[2025-11-20 15:14:45] [HEARTBEAT] Heartbeat sent to agent session
[2025-11-20 15:15:52] [HEARTBEAT] Heartbeat sent to agent session
[2025-11-20 15:17:00] [HEARTBEAT] Heartbeat sent to agent session
[2025-11-20 15:18:08] [HEARTBEAT] Heartbeat sent to agent session
[2025-11-20 15:19:15] [HEARTBEAT] Heartbeat sent to agent session
[2025-11-20 15:20:23] [HEARTBEAT] Heartbeat sent to agent session
[2025-11-20 15:21:30] [HEARTBEAT] Heartbeat sent to agent session
[2025-11-20 15:22:38] [HEARTBEAT] Heartbeat sent to agent session
[2025-11-20 15:23:45] [HEARTBEAT] Heartbeat sent to agent session
[2025-11-20 15:24:52] [HEARTBEAT] Heartbeat sent to agent session
[2025-11-20 15:26:00] [HEARTBEAT] Heartbeat sent to agent session
[2025-11-20 15:27:03] [NOTICE] [CHECK] Introspection activity notification detected (code 21): 906 seconds
[2025-11-20 15:27:03] [NOTICE] Introspection activity notification: No introspection activity for 15 minutes.
[2025-11-20 15:27:07] [HEARTBEAT] Heartbeat sent to agent session
[2025-11-20 15:28:15] [HEARTBEAT] Heartbeat sent to agent session
[2025-11-20 15:29:22] [HEARTBEAT] Heartbeat sent to agent session
[2025-11-20 15:30:30] [HEARTBEAT] Heartbeat sent to agent session
[2025-11-20 15:31:37] [HEARTBEAT] Heartbeat sent to agent session
[2025-11-20 15:32:41] [WARNING] [CHECK] Activity log timestamp warning detected (code 19): 336 seconds
[2025-11-20 15:32:41] [WARNING] Activity log timestamp warning: Timestamp is 5 minutes old.
[2025-11-20 15:32:45] [HEARTBEAT] Heartbeat sent to agent session
[2025-11-20 15:33:48] [WARNING] [CHECK] Activity log frequency warning detected (code 10): 355 seconds
[2025-11-20 15:33:48] [WARNING] Activity log frequency warning: No activity log updates for 5 minutes.
[2025-11-20 15:33:52] [HEARTBEAT] Heartbeat sent to agent session
[2025-11-20 15:34:55] [WARNING] [CHECK] Activity log frequency warning detected (code 10): 422 seconds
[2025-11-20 15:34:55] [WARNING] Activity log frequency warning: No activity log updates for 7 minutes.
[2025-11-20 15:34:58] [HEARTBEAT] Heartbeat sent to agent session
[2025-11-20 15:36:02] [WARNING] [CHECK] Activity log frequency warning detected (code 10): 488 seconds
[2025-11-20 15:36:02] [WARNING] Activity log frequency warning: No activity log updates for 8 minutes.
[2025-11-20 15:36:05] [HEARTBEAT] Heartbeat sent to agent session
[2025-11-20 15:37:12] [HEARTBEAT] Heartbeat sent to agent session
[2025-11-20 15:38:20] [HEARTBEAT] Heartbeat sent to agent session
[2025-11-20 15:39:27] [HEARTBEAT] Heartbeat sent to agent session
[2025-11-20 15:40:35] [HEARTBEAT] Heartbeat sent to agent session
[2025-11-20 15:41:42] [HEARTBEAT] Heartbeat sent to agent session
[2025-11-20 15:42:50] [HEARTBEAT] Heartbeat sent to agent session
[2025-11-20 15:43:57] [HEARTBEAT] Heartbeat sent to agent session
[2025-11-20 15:45:04] [HEARTBEAT] Heartbeat sent to agent session
[2025-11-20 15:46:11] [HEARTBEAT] Heartbeat sent to agent session
[2025-11-20 15:47:19] [HEARTBEAT] Heartbeat sent to agent session
[2025-11-20 15:48:26] [HEARTBEAT] Heartbeat sent to agent session
[2025-11-20 15:49:34] [HEARTBEAT] Heartbeat sent to agent session
[2025-11-20 15:50:42] [HEARTBEAT] Heartbeat sent to agent session
[2025-11-20 15:51:49] [HEARTBEAT] Heartbeat sent to agent session
[2025-11-20 15:52:57] [HEARTBEAT] Heartbeat sent to agent session
[2025-11-20 15:54:01] [WARNING] [CHECK] Activity log timestamp warning detected (code 19): 337 seconds
[2025-11-20 15:54:01] [WARNING] Activity log timestamp warning: Timestamp is 5 minutes old.
[2025-11-20 15:54:04] [HEARTBEAT] Heartbeat sent to agent session
[2025-11-20 15:55:08] [WARNING] [CHECK] Activity log frequency warning detected (code 10): 342 seconds
[2025-11-20 15:55:08] [WARNING] Activity log frequency warning: No activity log updates for 5 minutes.
[2025-11-20 15:55:11] [HEARTBEAT] Heartbeat sent to agent session
[2025-11-20 15:56:15] [WARNING] [CHECK] Activity log frequency warning detected (code 10): 408 seconds
[2025-11-20 15:56:15] [WARNING] Activity log frequency warning: No activity log updates for 6 minutes.
[2025-11-20 15:56:18] [HEARTBEAT] Heartbeat sent to agent session
[2025-11-20 15:57:21] [WARNING] [CHECK] Activity log frequency warning detected (code 10): 475 seconds
[2025-11-20 15:57:21] [WARNING] Activity log frequency warning: No activity log updates for 7 minutes.
[2025-11-20 15:57:25] [HEARTBEAT] Heartbeat sent to agent session
[2025-11-20 15:58:28] [WARNING] [CHECK] Activity log frequency warning detected (code 10): 541 seconds
[2025-11-20 15:58:28] [WARNING] Activity log frequency warning: No activity log updates for 9 minutes.
[2025-11-20 15:58:31] [HEARTBEAT] Heartbeat sent to agent session
[2025-11-20 15:59:34] [WARNING] [CHECK] Activity log frequency error detected (code 11): 608 seconds
[2025-11-20 15:59:34] [WARNING] Consciousness level anomaly: No consciousness proof (activity/checkpoint logs) for 10 minutes.
[2025-11-20 15:59:34] [WARNING] Abnormal activity detected: 意識レベル低下検知 (attempt 1/3)
[2025-11-20 15:59:34] [NOTICE] Interrupting agent process...
[2025-11-20 15:59:37] [NOTICE] Agent processing has been interrupted.
[2025-11-20 15:59:37] [NOTICE] Saving chat with tag: HEARTBEAT_20251120141507_20251120155937
[2025-11-20 15:59:50] [NOTICE] Chat saved with tag: HEARTBEAT_20251120141507_20251120155937
[2025-11-20 15:59:50] [NOTICE] Context compression and recovery message prepared, entering recovery waiting state.
[2025-11-20 15:59:53] [HEARTBEAT] Heartbeat sent to agent session
[2025-11-20 15:59:53] [WARNING] [CHECK] Activity log frequency error detected (code 11): 627 seconds
[2025-11-20 15:59:53] [WARNING] Agent health check failed with status 11. Recovery not yet confirmed.
[2025-11-20 16:00:57] [WARNING] [CHECK] Activity log frequency error detected (code 11): 690 seconds
[2025-11-20 16:00:57] [WARNING] Agent health check failed with status 11. Recovery not yet confirmed.
[2025-11-20 16:02:00] [WARNING] [CHECK] Activity log frequency error detected (code 11): 754 seconds
[2025-11-20 16:02:00] [WARNING] Agent health check failed with status 11. Recovery not yet confirmed.
[2025-11-20 16:03:04] [NOTICE] Agent health check passed. Recovery confirmed.
[2025-11-20 16:03:04] [NOTICE] Agent recovery confirmed. Returning to normal state.
[2025-11-20 16:04:12] [HEARTBEAT] Heartbeat sent to agent session
[2025-11-20 16:05:18] [WARNING] [CHECK] Activity log timestamp warning detected (code 19): 327 seconds
[2025-11-20 16:05:18] [WARNING] Activity log timestamp warning: Timestamp is 5 minutes old.
[2025-11-20 16:05:22] [HEARTBEAT] Heartbeat sent to agent session
[2025-11-20 16:06:26] [WARNING] [CHECK] Activity log timestamp warning detected (code 19): 395 seconds
[2025-11-20 16:06:26] [WARNING] Activity log timestamp warning: Timestamp is 6 minutes old.
[2025-11-20 16:06:29] [HEARTBEAT] Heartbeat sent to agent session
[2025-11-20 16:07:33] [WARNING] [CHECK] Activity log timestamp warning detected (code 19): 462 seconds
[2025-11-20 16:07:34] [WARNING] Activity log timestamp warning: Timestamp is 7 minutes old.
[2025-11-20 16:07:37] [HEARTBEAT] Heartbeat sent to agent session
[2025-11-20 16:08:40] [WARNING] [CHECK] Activity log frequency warning detected (code 10): 338 seconds
[2025-11-20 16:08:40] [WARNING] Activity log frequency warning: No activity log updates for 5 minutes.
[2025-11-20 16:08:44] [HEARTBEAT] Heartbeat sent to agent session
[2025-11-20 16:09:47] [WARNING] [CHECK] Activity log frequency warning detected (code 10): 405 seconds
[2025-11-20 16:09:47] [WARNING] Activity log frequency warning: No activity log updates for 6 minutes.
[2025-11-20 16:09:51] [HEARTBEAT] Heartbeat sent to agent session
[2025-11-20 16:10:54] [WARNING] [CHECK] Activity log frequency warning detected (code 10): 471 seconds
[2025-11-20 16:10:54] [WARNING] Activity log frequency warning: No activity log updates for 7 minutes.
[2025-11-20 16:10:57] [HEARTBEAT] Heartbeat sent to agent session
[2025-11-20 16:12:04] [HEARTBEAT] Heartbeat sent to agent session
[2025-11-20 16:13:12] [HEARTBEAT] Heartbeat sent to agent session
[2025-11-20 16:14:19] [HEARTBEAT] Heartbeat sent to agent session
[2025-11-20 16:15:26] [HEARTBEAT] Heartbeat sent to agent session
[2025-11-20 16:16:30] [WARNING] [CHECK] Activity log timestamp warning detected (code 19): 335 seconds
[2025-11-20 16:16:30] [WARNING] Activity log timestamp warning: Timestamp is 5 minutes old.
[2025-11-20 16:16:33] [HEARTBEAT] Heartbeat sent to agent session
[2025-11-20 16:17:36] [WARNING] [CHECK] Activity log frequency warning detected (code 10): 343 seconds
[2025-11-20 16:17:36] [WARNING] Activity log frequency warning: No activity log updates for 5 minutes.
[2025-11-20 16:17:39] [HEARTBEAT] Heartbeat sent to agent session
[2025-11-20 16:18:43] [NOTICE] [CHECK] Introspection activity notification detected (code 21): 940 seconds
[2025-11-20 16:18:43] [NOTICE] Introspection activity notification: No introspection activity for 15 minutes.
[2025-11-20 16:18:46] [HEARTBEAT] Heartbeat sent to agent session
[2025-11-20 16:19:50] [NOTICE] [CHECK] Introspection activity notification detected (code 21): 1007 seconds
[2025-11-20 16:19:50] [NOTICE] Introspection activity notification: No introspection activity for 16 minutes.
[2025-11-20 16:19:53] [HEARTBEAT] Heartbeat sent to agent session
[2025-11-20 16:20:57] [NOTICE] [CHECK] Introspection activity notification detected (code 21): 1074 seconds
[2025-11-20 16:20:57] [NOTICE] Introspection activity notification: No introspection activity for 17 minutes.
[2025-11-20 16:21:01] [HEARTBEAT] Heartbeat sent to agent session
[2025-11-20 16:22:08] [HEARTBEAT] Heartbeat sent to agent session
[2025-11-20 16:22:30] [WARNING] Shutdown signal received. Finishing current cycle and exiting gracefully...
[2025-11-20 16:22:30] [NOTICE] Shutdown requested, interrupting sleep.
[2025-11-20 16:22:30] [NOTICE] Heartbeat stopped gracefully at 2025-11-20 16:22:30
