[2025-07-07 18:40:06] [INFO] Heartbeat started at 2025-07-07 18:40:06 (PID: 41996)
[2025-07-07 18:40:06] [INFO] Log file: logs/heartbeat_20250707_184006.log
[2025-07-07 18:40:06] [INFO] Heartbeat monitor started at 2025-07-07 18:40:06
[2025-07-07 18:40:06] [INFO] Monitored directories: artifacts projects
[2025-07-07 18:40:06] [INFO] Warning threshold: 5 minutes
[2025-07-07 18:40:06] [INFO] Stop threshold: 10 minutes
[2025-07-07 18:41:08] [HEARTBEAT] Heartbeat sent to agent session
[2025-07-07 18:42:13] [HEARTBEAT] Heartbeat sent to agent session
[2025-07-07 18:43:17] [HEARTBEAT] Heartbeat sent to agent session
[2025-07-07 18:44:22] [HEARTBEAT] Heartbeat sent to agent session
[2025-07-07 18:45:26] [HEARTBEAT] Heartbeat sent to agent session
[2025-07-07 18:46:31] [HEARTBEAT] Heartbeat sent to agent session
[2025-07-07 18:47:36] [HEARTBEAT] Heartbeat sent to agent session
[2025-07-07 18:48:41] [HEARTBEAT] Heartbeat sent to agent session
[2025-07-07 18:49:45] [HEARTBEAT] Heartbeat sent to agent session
[2025-07-07 18:50:50] [HEARTBEAT] Heartbeat sent to agent session
[2025-07-07 18:51:55] [HEARTBEAT] Heartbeat sent to agent session
[2025-07-07 18:53:00] [HEARTBEAT] Heartbeat sent to agent session
[2025-07-07 18:54:05] [HEARTBEAT] Heartbeat sent to agent session
[2025-07-07 18:55:10] [HEARTBEAT] Heartbeat sent to agent session
[2025-07-07 18:56:15] [HEARTBEAT] Heartbeat sent to agent session
[2025-07-07 18:57:20] [HEARTBEAT] Heartbeat sent to agent session
[2025-07-07 18:58:25] [HEARTBEAT] Heartbeat sent to agent session
[2025-07-07 18:59:30] [HEARTBEAT] Heartbeat sent to agent session
[2025-07-07 19:00:35] [HEARTBEAT] Heartbeat sent to agent session
[2025-07-07 19:01:41] [HEARTBEAT] Heartbeat sent to agent session
[2025-07-07 19:11:50] [HEARTBEAT] Heartbeat sent to agent session
[2025-07-07 19:11:53] [WARNING] Agent activity is low. No file updates for 9 minutes.
[2025-07-07 19:12:55] [HEARTBEAT] Heartbeat sent to agent session
[2025-07-07 19:14:00] [HEARTBEAT] Heartbeat sent to agent session
[2025-07-07 19:15:05] [HEARTBEAT] Heartbeat sent to agent session
[2025-07-07 19:16:11] [HEARTBEAT] Heartbeat sent to agent session
[2025-07-07 19:17:16] [HEARTBEAT] Heartbeat sent to agent session
[2025-07-07 19:18:21] [HEARTBEAT] Heartbeat sent to agent session
[2025-07-07 19:19:27] [HEARTBEAT] Heartbeat sent to agent session
[2025-07-07 19:20:32] [HEARTBEAT] Heartbeat sent to agent session
[2025-07-07 19:21:37] [HEARTBEAT] Heartbeat sent to agent session
[2025-07-07 19:22:43] [HEARTBEAT] Heartbeat sent to agent session
[2025-07-07 19:23:49] [HEARTBEAT] Heartbeat sent to agent session
[2025-07-07 19:24:54] [HEARTBEAT] Heartbeat sent to agent session
[2025-07-07 19:26:01] [HEARTBEAT] Heartbeat sent to agent session
[2025-07-07 19:27:07] [HEARTBEAT] Heartbeat sent to agent session
[2025-07-07 19:28:13] [HEARTBEAT] Heartbeat sent to agent session
[2025-07-07 19:29:20] [HEARTBEAT] Heartbeat sent to agent session
[2025-07-07 19:30:26] [HEARTBEAT] Heartbeat sent to agent session
[2025-07-07 19:31:33] [HEARTBEAT] Heartbeat sent to agent session
[2025-07-07 19:32:39] [HEARTBEAT] Heartbeat sent to agent session
[2025-07-07 19:33:45] [HEARTBEAT] Heartbeat sent to agent session
[2025-07-07 19:34:52] [HEARTBEAT] Heartbeat sent to agent session
[2025-07-07 19:35:58] [HEARTBEAT] Heartbeat sent to agent session
[2025-07-07 19:37:05] [HEARTBEAT] Heartbeat sent to agent session
[2025-07-07 19:38:11] [HEARTBEAT] Heartbeat sent to agent session
[2025-07-07 19:39:17] [HEARTBEAT] Heartbeat sent to agent session
[2025-07-07 19:40:24] [HEARTBEAT] Heartbeat sent to agent session
[2025-07-07 19:41:30] [HEARTBEAT] Heartbeat sent to agent session
[2025-07-07 19:42:36] [HEARTBEAT] Heartbeat sent to agent session
[2025-07-07 19:43:43] [HEARTBEAT] Heartbeat sent to agent session
[2025-07-07 19:44:49] [HEARTBEAT] Heartbeat sent to agent session
[2025-07-07 19:45:56] [HEARTBEAT] Heartbeat sent to agent session
[2025-07-07 19:47:02] [HEARTBEAT] Heartbeat sent to agent session
[2025-07-07 19:48:08] [HEARTBEAT] Heartbeat sent to agent session
[2025-07-07 19:49:14] [HEARTBEAT] Heartbeat sent to agent session
[2025-07-07 19:50:21] [HEARTBEAT] Heartbeat sent to agent session
[2025-07-07 19:51:28] [HEARTBEAT] Heartbeat sent to agent session
[2025-07-07 19:52:35] [HEARTBEAT] Heartbeat sent to agent session
[2025-07-07 19:53:42] [HEARTBEAT] Heartbeat sent to agent session
[2025-07-07 19:54:48] [HEARTBEAT] Heartbeat sent to agent session
[2025-07-07 19:55:54] [HEARTBEAT] Heartbeat sent to agent session
[2025-07-07 19:57:01] [HEARTBEAT] Heartbeat sent to agent session
[2025-07-07 19:58:08] [HEARTBEAT] Heartbeat sent to agent session
[2025-07-07 19:59:15] [HEARTBEAT] Heartbeat sent to agent session
[2025-07-07 20:00:22] [HEARTBEAT] Heartbeat sent to agent session
[2025-07-07 20:01:28] [HEARTBEAT] Heartbeat sent to agent session
[2025-07-07 20:02:35] [HEARTBEAT] Heartbeat sent to agent session
[2025-07-07 20:03:42] [HEARTBEAT] Heartbeat sent to agent session
[2025-07-07 20:04:48] [HEARTBEAT] Heartbeat sent to agent session
[2025-07-07 20:05:55] [HEARTBEAT] Heartbeat sent to agent session
[2025-07-07 20:07:01] [HEARTBEAT] Heartbeat sent to agent session
[2025-07-07 20:08:09] [HEARTBEAT] Heartbeat sent to agent session
[2025-07-07 20:09:15] [HEARTBEAT] Heartbeat sent to agent session
[2025-07-07 20:10:22] [HEARTBEAT] Heartbeat sent to agent session
[2025-07-07 20:11:29] [HEARTBEAT] Heartbeat sent to agent session
