[2025-07-12 23:35:52] [NOTICE] Heartbeat started at 2025-07-12 23:35:52 (PID: 90252)
[2025-07-12 23:35:52] [NOTICE] Log file: logs/heartbeat_20250712233552.log
[2025-07-12 23:35:52] [NOTICE] Heartbeat monitor started at 2025-07-12 23:35:52
[2025-07-12 23:35:52] [NOTICE] Monitored directories: artifacts
[2025-07-12 23:35:52] [NOTICE] Warning threshold: 5 minutes
[2025-07-12 23:35:52] [NOTICE] Stop threshold: 10 minutes
[2025-07-12 23:35:52] [NOTICE] Sending initial heartbeat immediately after startup...
[2025-07-12 23:35:53] [HEARTBEAT] Heartbeat sent to agent session
[2025-07-12 23:36:56] [WARNING] [CHECK] Thinking log pattern error detected (code 13):        3 files
[2025-07-12 23:36:56] [WARNING] Thinking log pattern error:        3 files with same timestamp detected.
[2025-07-12 23:36:56] [WARNING] Abnormal activity detected: 思考ログパターン異常 (attempt 1/3)
[2025-07-12 23:36:56] [NOTICE] Interrupting agent process...
[2025-07-12 23:36:58] [NOTICE] Agent processing has been interrupted.
[2025-07-12 23:36:58] [NOTICE] Sending context compression command...
[2025-07-12 23:37:30] [NOTICE] Context compression completed.
[2025-07-12 23:37:30] [NOTICE] Saving chat with tag: HEARTBEAT_20250712233552_20250712233730
[2025-07-12 23:38:02] [NOTICE] Chat saved with tag: HEARTBEAT_20250712233552_20250712233730
[2025-07-12 23:38:02] [NOTICE] Context compression and recovery message prepared, entering recovery waiting state.
[2025-07-12 23:38:03] [HEARTBEAT] Heartbeat sent to agent session
[2025-07-12 23:38:04] [WARNING] [CHECK] Thinking log pattern error detected (code 13):        3 files
[2025-07-12 23:38:04] [WARNING] Agent health check failed with status 13. Recovery not yet confirmed.
[2025-07-12 23:39:06] [NOTICE] Agent health check passed. Recovery confirmed.
[2025-07-12 23:39:06] [NOTICE] Agent recovery confirmed. Returning to normal state.
[2025-07-12 23:40:10] [HEARTBEAT] Heartbeat sent to agent session
[2025-07-12 23:41:14] [HEARTBEAT] Heartbeat sent to agent session
[2025-07-12 23:42:18] [HEARTBEAT] Heartbeat sent to agent session
[2025-07-12 23:43:21] [WARNING] [CHECK] Thinking log timestamp warning detected (code 19): 318 seconds
[2025-07-12 23:43:21] [WARNING] Thinking log timestamp warning: Timestamp is 5 minutes old.
[2025-07-12 23:43:22] [HEARTBEAT] Heartbeat sent to agent session
[2025-07-12 23:44:26] [HEARTBEAT] Heartbeat sent to agent session
[2025-07-12 23:45:30] [HEARTBEAT] Heartbeat sent to agent session
[2025-07-12 23:46:01] [WARNING] Shutdown signal received. Finishing current cycle and exiting gracefully...
[2025-07-12 23:46:01] [NOTICE] Shutdown requested, interrupting sleep.
[2025-07-12 23:46:01] [NOTICE] Heartbeat stopped gracefully at 2025-07-12 23:46:01
