[2025-07-12 23:55:09] [NOTICE] Heartbeat started at 2025-07-12 23:55:09 (PID: 1487)
[2025-07-12 23:55:09] [NOTICE] Log file: logs/heartbeat_20250712235509.log
[2025-07-12 23:55:09] [NOTICE] Heartbeat monitor started at 2025-07-12 23:55:09
[2025-07-12 23:55:09] [NOTICE] Monitored directories: artifacts
[2025-07-12 23:55:09] [NOTICE] Warning threshold: 5 minutes
[2025-07-12 23:55:09] [NOTICE] Stop threshold: 10 minutes
[2025-07-12 23:55:09] [NOTICE] Sending initial heartbeat immediately after startup...
[2025-07-12 23:55:10] [HEARTBEAT] Heartbeat sent to agent session
[2025-07-12 23:56:14] [HEARTBEAT] Heartbeat sent to agent session
[2025-07-12 23:57:18] [HEARTBEAT] Heartbeat sent to agent session
[2025-07-12 23:58:22] [HEARTBEAT] Heartbeat sent to agent session
[2025-07-12 23:59:27] [HEARTBEAT] Heartbeat sent to agent session
[2025-07-13 00:00:31] [HEARTBEAT] Heartbeat sent to agent session
[2025-07-13 00:01:35] [HEARTBEAT] Heartbeat sent to agent session
[2025-07-13 00:02:39] [HEARTBEAT] Heartbeat sent to agent session
[2025-07-13 00:03:44] [HEARTBEAT] Heartbeat sent to agent session
[2025-07-13 00:04:48] [HEARTBEAT] Heartbeat sent to agent session
[2025-07-13 00:05:52] [NOTICE] Found 1 unprocessed feedback files
[2025-07-13 00:05:52] [NOTICE] Feedback notification included in heartbeat
[2025-07-13 00:05:53] [HEARTBEAT] Heartbeat sent to agent session
[2025-07-13 00:06:56] [NOTICE] Found 1 unprocessed feedback files
[2025-07-13 00:06:56] [NOTICE] Feedback notification included in heartbeat
[2025-07-13 00:06:57] [HEARTBEAT] Heartbeat sent to agent session
[2025-07-13 00:08:00] [WARNING] [CHECK] Thinking log timestamp warning detected (code 19): 321 seconds
[2025-07-13 00:08:00] [WARNING] Thinking log timestamp warning: Timestamp is 5 minutes old.
[2025-07-13 00:08:01] [HEARTBEAT] Heartbeat sent to agent session
[2025-07-13 00:09:00] [WARNING] Shutdown signal received. Finishing current cycle and exiting gracefully...
[2025-07-13 00:09:00] [NOTICE] Shutdown requested, interrupting sleep.
[2025-07-13 00:09:00] [NOTICE] Heartbeat stopped gracefully at 2025-07-13 00:09:00
