[2025-07-16 23:41:46] [NOTICE] Heartbeat started at 2025-07-16 23:41:46 (PID: 9719)
[2025-07-16 23:41:46] [NOTICE] Log file: logs/heartbeat_20250716234146.log
[2025-07-16 23:41:46] [NOTICE] Heartbeat monitor started at 2025-07-16 23:41:46
[2025-07-16 23:41:46] [NOTICE] Monitored directories: artifacts
[2025-07-16 23:41:46] [NOTICE] Warning threshold: 5 minutes
[2025-07-16 23:41:46] [NOTICE] Stop threshold: 10 minutes
[2025-07-16 23:41:46] [NOTICE] Sending initial heartbeat immediately after startup...
[2025-07-16 23:41:47] [HEARTBEAT] Initial heartbeat sent to agent session
[2025-07-16 23:41:47] [HEARTBEAT] Heartbeat sent to agent session
[2025-07-16 23:42:51] [HEARTBEAT] Heartbeat sent to agent session
[2025-07-16 23:43:55] [HEARTBEAT] Heartbeat sent to agent session
[2025-07-16 23:45:00] [HEARTBEAT] Heartbeat sent to agent session
[2025-07-16 23:46:04] [HEARTBEAT] Heartbeat sent to agent session
[2025-07-16 23:47:08] [HEARTBEAT] Heartbeat sent to agent session
[2025-07-16 23:48:13] [HEARTBEAT] Heartbeat sent to agent session
[2025-07-16 23:49:17] [HEARTBEAT] Heartbeat sent to agent session
[2025-07-16 23:50:22] [HEARTBEAT] Heartbeat sent to agent session
[2025-07-16 23:51:26] [HEARTBEAT] Heartbeat sent to agent session
[2025-07-16 23:52:30] [HEARTBEAT] Heartbeat sent to agent session
[2025-07-16 23:53:34] [HEARTBEAT] Heartbeat sent to agent session
[2025-07-16 23:54:38] [HEARTBEAT] Heartbeat sent to agent session
[2025-07-16 23:55:42] [HEARTBEAT] Heartbeat sent to agent session
[2025-07-16 23:56:47] [HEARTBEAT] Heartbeat sent to agent session
[2025-07-16 23:57:51] [HEARTBEAT] Heartbeat sent to agent session
[2025-07-16 23:58:54] [NOTICE] Found 1 unprocessed feedback files
[2025-07-16 23:58:54] [NOTICE] Feedback notification included in heartbeat
[2025-07-16 23:58:56] [HEARTBEAT] Heartbeat sent to agent session
[2025-07-17 00:00:00] [HEARTBEAT] Heartbeat sent to agent session
[2025-07-17 00:01:04] [HEARTBEAT] Heartbeat sent to agent session
[2025-07-17 00:02:08] [HEARTBEAT] Heartbeat sent to agent session
[2025-07-17 00:03:12] [HEARTBEAT] Heartbeat sent to agent session
[2025-07-17 00:04:16] [HEARTBEAT] Heartbeat sent to agent session
[2025-07-17 00:05:21] [HEARTBEAT] Heartbeat sent to agent session
[2025-07-17 00:06:25] [HEARTBEAT] Heartbeat sent to agent session
[2025-07-17 00:07:30] [HEARTBEAT] Heartbeat sent to agent session
[2025-07-17 00:08:34] [HEARTBEAT] Heartbeat sent to agent session
[2025-07-17 00:09:39] [HEARTBEAT] Heartbeat sent to agent session
[2025-07-17 00:10:44] [HEARTBEAT] Heartbeat sent to agent session
[2025-07-17 00:11:48] [HEARTBEAT] Heartbeat sent to agent session
[2025-07-17 00:12:52] [HEARTBEAT] Heartbeat sent to agent session
[2025-07-17 00:13:57] [HEARTBEAT] Heartbeat sent to agent session
[2025-07-17 00:15:02] [HEARTBEAT] Heartbeat sent to agent session
[2025-07-17 00:16:07] [HEARTBEAT] Heartbeat sent to agent session
[2025-07-17 00:17:11] [HEARTBEAT] Heartbeat sent to agent session
[2025-07-17 00:18:16] [HEARTBEAT] Heartbeat sent to agent session
[2025-07-17 00:19:20] [HEARTBEAT] Heartbeat sent to agent session
[2025-07-17 00:20:25] [HEARTBEAT] Heartbeat sent to agent session
[2025-07-17 00:21:30] [HEARTBEAT] Heartbeat sent to agent session
[2025-07-17 00:22:35] [HEARTBEAT] Heartbeat sent to agent session
[2025-07-17 00:23:39] [HEARTBEAT] Heartbeat sent to agent session
[2025-07-17 00:24:43] [WARNING] [CHECK] Introspection activity warning detected (code 17): 1263 seconds
[2025-07-17 00:24:43] [WARNING] Introspection activity warning: No introspection activity for 21 minutes.
[2025-07-17 00:24:44] [HEARTBEAT] Heartbeat sent to agent session
[2025-07-17 00:25:49] [HEARTBEAT] Heartbeat sent to agent session
[2025-07-17 00:26:54] [HEARTBEAT] Heartbeat sent to agent session
[2025-07-17 00:27:58] [HEARTBEAT] Heartbeat sent to agent session
[2025-07-17 00:29:03] [HEARTBEAT] Heartbeat sent to agent session
[2025-07-17 00:30:07] [HEARTBEAT] Heartbeat sent to agent session
[2025-07-17 00:31:12] [HEARTBEAT] Heartbeat sent to agent session
[2025-07-17 00:32:17] [HEARTBEAT] Heartbeat sent to agent session
[2025-07-17 00:33:21] [HEARTBEAT] Heartbeat sent to agent session
[2025-07-17 00:34:26] [HEARTBEAT] Heartbeat sent to agent session
[2025-07-17 00:35:31] [HEARTBEAT] Heartbeat sent to agent session
[2025-07-17 00:36:35] [HEARTBEAT] Heartbeat sent to agent session
[2025-07-17 00:37:40] [HEARTBEAT] Heartbeat sent to agent session
[2025-07-17 00:38:44] [HEARTBEAT] Heartbeat sent to agent session
[2025-07-17 00:39:49] [HEARTBEAT] Heartbeat sent to agent session
[2025-07-17 00:40:54] [HEARTBEAT] Heartbeat sent to agent session
[2025-07-17 00:41:58] [HEARTBEAT] Heartbeat sent to agent session
[2025-07-17 00:43:02] [HEARTBEAT] Heartbeat sent to agent session
[2025-07-17 00:44:07] [HEARTBEAT] Heartbeat sent to agent session
[2025-07-17 00:45:12] [HEARTBEAT] Heartbeat sent to agent session
[2025-07-17 00:46:15] [WARNING] [CHECK] Introspection activity warning detected (code 17): 1248 seconds
[2025-07-17 00:46:15] [WARNING] Introspection activity warning: No introspection activity for 20 minutes.
[2025-07-17 00:46:17] [HEARTBEAT] Heartbeat sent to agent session
[2025-07-17 00:47:21] [HEARTBEAT] Heartbeat sent to agent session
[2025-07-17 00:48:26] [HEARTBEAT] Heartbeat sent to agent session
[2025-07-17 00:49:31] [HEARTBEAT] Heartbeat sent to agent session
[2025-07-17 00:50:35] [HEARTBEAT] Heartbeat sent to agent session
[2025-07-17 00:51:40] [HEARTBEAT] Heartbeat sent to agent session
[2025-07-17 00:52:45] [HEARTBEAT] Heartbeat sent to agent session
[2025-07-17 00:53:49] [HEARTBEAT] Heartbeat sent to agent session
[2025-07-17 00:54:54] [HEARTBEAT] Heartbeat sent to agent session
[2025-07-17 00:55:58] [HEARTBEAT] Heartbeat sent to agent session
[2025-07-17 00:57:03] [HEARTBEAT] Heartbeat sent to agent session
[2025-07-17 00:58:08] [HEARTBEAT] Heartbeat sent to agent session
[2025-07-17 00:59:12] [HEARTBEAT] Heartbeat sent to agent session
[2025-07-17 01:00:17] [HEARTBEAT] Heartbeat sent to agent session
[2025-07-17 01:01:21] [HEARTBEAT] Heartbeat sent to agent session
[2025-07-17 01:02:26] [HEARTBEAT] Heartbeat sent to agent session
[2025-07-17 01:03:30] [HEARTBEAT] Heartbeat sent to agent session
[2025-07-17 01:04:35] [HEARTBEAT] Heartbeat sent to agent session
[2025-07-17 01:05:39] [HEARTBEAT] Heartbeat sent to agent session
[2025-07-17 01:06:44] [HEARTBEAT] Heartbeat sent to agent session
[2025-07-17 01:07:49] [HEARTBEAT] Heartbeat sent to agent session
[2025-07-17 01:08:53] [HEARTBEAT] Heartbeat sent to agent session
[2025-07-17 01:09:58] [HEARTBEAT] Heartbeat sent to agent session
[2025-07-17 01:11:02] [HEARTBEAT] Heartbeat sent to agent session
[2025-07-17 01:12:07] [HEARTBEAT] Heartbeat sent to agent session
[2025-07-17 01:13:12] [HEARTBEAT] Heartbeat sent to agent session
[2025-07-17 01:14:17] [HEARTBEAT] Heartbeat sent to agent session
[2025-07-17 01:15:21] [HEARTBEAT] Heartbeat sent to agent session
[2025-07-17 01:16:25] [WARNING] [CHECK] Introspection activity warning detected (code 17): 1260 seconds
[2025-07-17 01:16:25] [WARNING] Introspection activity warning: No introspection activity for 21 minutes.
[2025-07-17 01:16:26] [HEARTBEAT] Heartbeat sent to agent session
[2025-07-17 01:17:29] [WARNING] [CHECK] Introspection activity warning detected (code 17): 1325 seconds
[2025-07-17 01:17:29] [WARNING] Introspection activity warning: No introspection activity for 22 minutes.
[2025-07-17 01:17:31] [HEARTBEAT] Heartbeat sent to agent session
[2025-07-17 01:18:35] [HEARTBEAT] Heartbeat sent to agent session
[2025-07-17 01:19:40] [HEARTBEAT] Heartbeat sent to agent session
[2025-07-17 01:20:44] [HEARTBEAT] Heartbeat sent to agent session
[2025-07-17 01:21:49] [HEARTBEAT] Heartbeat sent to agent session
[2025-07-17 01:22:53] [HEARTBEAT] Heartbeat sent to agent session
[2025-07-17 01:23:58] [HEARTBEAT] Heartbeat sent to agent session
[2025-07-17 01:25:03] [HEARTBEAT] Heartbeat sent to agent session
[2025-07-17 01:26:07] [HEARTBEAT] Heartbeat sent to agent session
[2025-07-17 01:27:12] [HEARTBEAT] Heartbeat sent to agent session
[2025-07-17 01:28:17] [HEARTBEAT] Heartbeat sent to agent session
[2025-07-17 01:29:21] [HEARTBEAT] Heartbeat sent to agent session
[2025-07-17 01:30:26] [HEARTBEAT] Heartbeat sent to agent session
[2025-07-17 01:31:31] [HEARTBEAT] Heartbeat sent to agent session
[2025-07-17 01:32:36] [HEARTBEAT] Heartbeat sent to agent session
[2025-07-17 01:33:40] [HEARTBEAT] Heartbeat sent to agent session
[2025-07-17 01:34:44] [HEARTBEAT] Heartbeat sent to agent session
[2025-07-17 01:35:49] [HEARTBEAT] Heartbeat sent to agent session
[2025-07-17 01:36:54] [HEARTBEAT] Heartbeat sent to agent session
[2025-07-17 01:37:56] [WARNING] [CHECK] Introspection activity warning detected (code 17): 1226 seconds
[2025-07-17 01:37:56] [WARNING] Introspection activity warning: No introspection activity for 20 minutes.
[2025-07-17 01:37:58] [HEARTBEAT] Heartbeat sent to agent session
[2025-07-17 01:39:01] [WARNING] [CHECK] Introspection activity warning detected (code 17): 1290 seconds
[2025-07-17 01:39:01] [WARNING] Introspection activity warning: No introspection activity for 21 minutes.
[2025-07-17 01:39:02] [HEARTBEAT] Heartbeat sent to agent session
[2025-07-17 01:40:06] [HEARTBEAT] Heartbeat sent to agent session
[2025-07-17 01:41:11] [HEARTBEAT] Heartbeat sent to agent session
[2025-07-17 01:42:15] [HEARTBEAT] Heartbeat sent to agent session
[2025-07-17 01:43:20] [HEARTBEAT] Heartbeat sent to agent session
[2025-07-17 01:44:24] [HEARTBEAT] Heartbeat sent to agent session
[2025-07-17 01:45:29] [HEARTBEAT] Heartbeat sent to agent session
[2025-07-17 01:46:33] [HEARTBEAT] Heartbeat sent to agent session
[2025-07-17 01:47:38] [HEARTBEAT] Heartbeat sent to agent session
[2025-07-17 01:48:42] [HEARTBEAT] Heartbeat sent to agent session
[2025-07-17 01:49:47] [HEARTBEAT] Heartbeat sent to agent session
[2025-07-17 01:50:51] [HEARTBEAT] Heartbeat sent to agent session
[2025-07-17 01:51:56] [HEARTBEAT] Heartbeat sent to agent session
[2025-07-17 01:53:00] [HEARTBEAT] Heartbeat sent to agent session
[2025-07-17 01:54:04] [HEARTBEAT] Heartbeat sent to agent session
[2025-07-17 01:55:09] [HEARTBEAT] Heartbeat sent to agent session
[2025-07-17 01:56:13] [HEARTBEAT] Heartbeat sent to agent session
[2025-07-17 01:57:18] [HEARTBEAT] Heartbeat sent to agent session
[2025-07-17 01:58:21] [WARNING] [CHECK] Activity log timestamp warning detected (code 19): 321 seconds
[2025-07-17 01:58:21] [WARNING] Activity log timestamp warning: Timestamp is 5 minutes old.
[2025-07-17 01:58:22] [HEARTBEAT] Heartbeat sent to agent session
[2025-07-17 01:59:25] [WARNING] [CHECK] Activity log frequency warning detected (code 10): 336 seconds
[2025-07-17 01:59:25] [WARNING] Activity log frequency warning: No activity log updates for 5 minutes.
[2025-07-17 01:59:26] [HEARTBEAT] Heartbeat sent to agent session
[2025-07-17 02:00:29] [WARNING] [CHECK] Activity log frequency warning detected (code 10): 400 seconds
[2025-07-17 02:00:29] [WARNING] Activity log frequency warning: No activity log updates for 6 minutes.
[2025-07-17 02:00:30] [HEARTBEAT] Heartbeat sent to agent session
[2025-07-17 02:01:33] [WARNING] [CHECK] Activity log frequency warning detected (code 10): 464 seconds
[2025-07-17 02:01:33] [WARNING] Activity log frequency warning: No activity log updates for 7 minutes.
[2025-07-17 02:01:34] [HEARTBEAT] Heartbeat sent to agent session
[2025-07-17 02:02:37] [WARNING] [CHECK] Activity log frequency warning detected (code 10): 528 seconds
[2025-07-17 02:02:37] [WARNING] Activity log frequency warning: No activity log updates for 8 minutes.
[2025-07-17 02:02:38] [HEARTBEAT] Heartbeat sent to agent session
[2025-07-17 02:03:41] [WARNING] [CHECK] Activity log frequency warning detected (code 10): 592 seconds
[2025-07-17 02:03:41] [WARNING] Activity log frequency warning: No activity log updates for 9 minutes.
[2025-07-17 02:03:42] [HEARTBEAT] Heartbeat sent to agent session
[2025-07-17 02:04:45] [WARNING] [CHECK] Activity log frequency error detected (code 11): 656 seconds
[2025-07-17 02:04:45] [WARNING] Activity log frequency error: No activity log updates for 10 minutes.
[2025-07-17 02:04:45] [WARNING] Abnormal activity detected: 活動ログ頻度異常 (attempt 1/3)
[2025-07-17 02:04:45] [NOTICE] Interrupting agent process...
[2025-07-17 02:04:47] [NOTICE] Agent processing has been interrupted.
[2025-07-17 02:04:47] [NOTICE] Sending context compression command...
[2025-07-17 02:05:19] [NOTICE] Context compression completed.
[2025-07-17 02:05:19] [NOTICE] Saving chat with tag: HEARTBEAT_20250716234146_20250717020519
[2025-07-17 02:05:51] [NOTICE] Chat saved with tag: HEARTBEAT_20250716234146_20250717020519
[2025-07-17 02:05:51] [NOTICE] Context compression and recovery message prepared, entering recovery waiting state.
[2025-07-17 02:05:53] [HEARTBEAT] Heartbeat sent to agent session
[2025-07-17 02:05:53] [WARNING] [CHECK] Activity log frequency error detected (code 11): 724 seconds
[2025-07-17 02:05:53] [WARNING] Agent health check failed with status 11. Recovery not yet confirmed.
[2025-07-17 02:06:54] [WARNING] [CHECK] Activity log frequency error detected (code 11): 785 seconds
[2025-07-17 02:06:54] [WARNING] Agent health check failed with status 11. Recovery not yet confirmed.
[2025-07-17 02:07:57] [WARNING] [CHECK] Activity log frequency error detected (code 11): 848 seconds
[2025-07-17 02:07:57] [WARNING] Agent health check failed with status 11. Recovery not yet confirmed.
[2025-07-17 02:08:59] [WARNING] [CHECK] Activity log frequency error detected (code 11): 910 seconds
[2025-07-17 02:08:59] [WARNING] Agent health check failed with status 11. Recovery not yet confirmed.
[2025-07-17 02:10:02] [NOTICE] Agent health check passed. Recovery confirmed.
[2025-07-17 02:10:02] [NOTICE] Agent recovery confirmed. Returning to normal state.
[2025-07-17 02:11:05] [WARNING] [CHECK] Activity log timestamp warning detected (code 19): 313 seconds
[2025-07-17 02:11:05] [WARNING] Activity log timestamp warning: Timestamp is 5 minutes old.
[2025-07-17 02:11:06] [HEARTBEAT] Heartbeat sent to agent session
[2025-07-17 02:12:09] [WARNING] [CHECK] Activity log timestamp warning detected (code 19): 377 seconds
[2025-07-17 02:12:09] [WARNING] Activity log timestamp warning: Timestamp is 6 minutes old.
[2025-07-17 02:12:11] [HEARTBEAT] Heartbeat sent to agent session
[2025-07-17 02:13:13] [WARNING] [CHECK] Activity log timestamp warning detected (code 19): 441 seconds
[2025-07-17 02:13:13] [WARNING] Activity log timestamp warning: Timestamp is 7 minutes old.
[2025-07-17 02:13:14] [HEARTBEAT] Heartbeat sent to agent session
[2025-07-17 02:14:18] [WARNING] [CHECK] Activity log timestamp warning detected (code 19): 505 seconds
[2025-07-17 02:14:18] [WARNING] Activity log timestamp warning: Timestamp is 8 minutes old.
[2025-07-17 02:14:20] [HEARTBEAT] Heartbeat sent to agent session
[2025-07-17 02:15:22] [WARNING] [CHECK] Activity log frequency warning detected (code 10): 364 seconds
[2025-07-17 02:15:22] [WARNING] Activity log frequency warning: No activity log updates for 6 minutes.
[2025-07-17 02:15:23] [HEARTBEAT] Heartbeat sent to agent session
[2025-07-17 02:16:25] [WARNING] [CHECK] Activity log frequency warning detected (code 10): 427 seconds
[2025-07-17 02:16:25] [WARNING] Activity log frequency warning: No activity log updates for 7 minutes.
[2025-07-17 02:16:26] [HEARTBEAT] Heartbeat sent to agent session
[2025-07-17 02:17:29] [WARNING] [CHECK] Activity log frequency warning detected (code 10): 491 seconds
[2025-07-17 02:17:29] [WARNING] Activity log frequency warning: No activity log updates for 8 minutes.
[2025-07-17 02:17:30] [HEARTBEAT] Heartbeat sent to agent session
[2025-07-17 02:18:32] [WARNING] [CHECK] Activity log frequency warning detected (code 10): 554 seconds
[2025-07-17 02:18:32] [WARNING] Activity log frequency warning: No activity log updates for 9 minutes.
[2025-07-17 02:18:34] [HEARTBEAT] Heartbeat sent to agent session
[2025-07-17 02:19:36] [WARNING] [CHECK] Activity log frequency error detected (code 11): 618 seconds
[2025-07-17 02:19:36] [WARNING] Activity log frequency error: No activity log updates for 10 minutes.
[2025-07-17 02:19:36] [WARNING] Abnormal activity detected: 活動ログ頻度異常 (attempt 1/3)
[2025-07-17 02:19:36] [NOTICE] Interrupting agent process...
[2025-07-17 02:19:38] [NOTICE] Agent processing has been interrupted.
[2025-07-17 02:19:38] [NOTICE] Sending context compression command...
[2025-07-17 02:20:11] [NOTICE] Context compression completed.
[2025-07-17 02:20:11] [NOTICE] Saving chat with tag: HEARTBEAT_20250716234146_20250717022011
[2025-07-17 02:20:43] [NOTICE] Chat saved with tag: HEARTBEAT_20250716234146_20250717022011
[2025-07-17 02:20:43] [NOTICE] Context compression and recovery message prepared, entering recovery waiting state.
[2025-07-17 02:20:45] [HEARTBEAT] Heartbeat sent to agent session
[2025-07-17 02:20:45] [WARNING] [CHECK] Activity log frequency error detected (code 11): 687 seconds
[2025-07-17 02:20:45] [WARNING] Agent health check failed with status 11. Recovery not yet confirmed.
[2025-07-17 02:21:47] [WARNING] [CHECK] Activity log frequency error detected (code 11): 749 seconds
[2025-07-17 02:21:47] [WARNING] Agent health check failed with status 11. Recovery not yet confirmed.
[2025-07-17 02:22:50] [NOTICE] Agent health check passed. Recovery confirmed.
[2025-07-17 02:22:50] [NOTICE] Agent recovery confirmed. Returning to normal state.
[2025-07-17 02:23:55] [HEARTBEAT] Heartbeat sent to agent session
[2025-07-17 02:25:00] [HEARTBEAT] Heartbeat sent to agent session
[2025-07-17 02:26:04] [HEARTBEAT] Heartbeat sent to agent session
[2025-07-17 02:27:10] [HEARTBEAT] Heartbeat sent to agent session
[2025-07-17 02:28:15] [HEARTBEAT] Heartbeat sent to agent session
[2025-07-17 02:29:19] [HEARTBEAT] Heartbeat sent to agent session
[2025-07-17 02:30:24] [HEARTBEAT] Heartbeat sent to agent session
[2025-07-17 02:31:29] [HEARTBEAT] Heartbeat sent to agent session
[2025-07-17 02:32:33] [HEARTBEAT] Heartbeat sent to agent session
[2025-07-17 02:33:38] [HEARTBEAT] Heartbeat sent to agent session
[2025-07-17 02:34:43] [HEARTBEAT] Heartbeat sent to agent session
[2025-07-17 02:35:48] [HEARTBEAT] Heartbeat sent to agent session
[2025-07-17 02:36:53] [HEARTBEAT] Heartbeat sent to agent session
[2025-07-17 02:37:55] [WARNING] [CHECK] Activity log pattern error detected (code 13):        4 files
[2025-07-17 02:37:55] [WARNING] Activity log pattern error:        4 files with same timestamp detected.
[2025-07-17 02:37:55] [WARNING] Abnormal activity detected: 活動ログパターン異常 (attempt 1/3)
[2025-07-17 02:37:55] [NOTICE] Interrupting agent process...
[2025-07-17 02:37:58] [NOTICE] Agent processing has been interrupted.
[2025-07-17 02:37:58] [NOTICE] Sending context compression command...
[2025-07-17 02:38:30] [NOTICE] Context compression completed.
[2025-07-17 02:38:30] [NOTICE] Saving chat with tag: HEARTBEAT_20250716234146_20250717023830
[2025-07-17 02:39:03] [NOTICE] Chat saved with tag: HEARTBEAT_20250716234146_20250717023830
[2025-07-17 02:39:03] [NOTICE] Context compression and recovery message prepared, entering recovery waiting state.
[2025-07-17 02:39:04] [HEARTBEAT] Heartbeat sent to agent session
[2025-07-17 02:39:04] [WARNING] [CHECK] Activity log pattern error detected (code 13):        4 files
[2025-07-17 02:39:04] [WARNING] Agent health check failed with status 13. Recovery not yet confirmed.
[2025-07-17 02:40:08] [NOTICE] Agent health check passed. Recovery confirmed.
[2025-07-17 02:40:08] [NOTICE] Agent recovery confirmed. Returning to normal state.
[2025-07-17 02:41:13] [HEARTBEAT] Heartbeat sent to agent session
[2025-07-17 02:42:17] [HEARTBEAT] Heartbeat sent to agent session
[2025-07-17 02:43:22] [HEARTBEAT] Heartbeat sent to agent session
[2025-07-17 02:44:27] [HEARTBEAT] Heartbeat sent to agent session
[2025-07-17 02:45:32] [HEARTBEAT] Heartbeat sent to agent session
[2025-07-17 02:46:36] [HEARTBEAT] Heartbeat sent to agent session
[2025-07-17 02:47:41] [HEARTBEAT] Heartbeat sent to agent session
[2025-07-17 02:48:46] [HEARTBEAT] Heartbeat sent to agent session
[2025-07-17 02:49:50] [HEARTBEAT] Heartbeat sent to agent session
[2025-07-17 02:50:55] [HEARTBEAT] Heartbeat sent to agent session
[2025-07-17 02:52:00] [HEARTBEAT] Heartbeat sent to agent session
[2025-07-17 02:53:04] [HEARTBEAT] Heartbeat sent to agent session
[2025-07-17 02:54:09] [HEARTBEAT] Heartbeat sent to agent session
[2025-07-17 02:55:14] [HEARTBEAT] Heartbeat sent to agent session
[2025-07-17 02:56:18] [HEARTBEAT] Heartbeat sent to agent session
[2025-07-17 02:57:23] [HEARTBEAT] Heartbeat sent to agent session
[2025-07-17 02:58:27] [HEARTBEAT] Heartbeat sent to agent session
[2025-07-17 02:59:32] [HEARTBEAT] Heartbeat sent to agent session
[2025-07-17 03:00:36] [HEARTBEAT] Heartbeat sent to agent session
[2025-07-17 03:01:41] [HEARTBEAT] Heartbeat sent to agent session
[2025-07-17 03:02:46] [HEARTBEAT] Heartbeat sent to agent session
[2025-07-17 03:03:49] [WARNING] [CHECK] Activity log timestamp warning detected (code 19): 322 seconds
[2025-07-17 03:03:49] [WARNING] Activity log timestamp warning: Timestamp is 5 minutes old.
[2025-07-17 03:03:50] [HEARTBEAT] Heartbeat sent to agent session
[2025-07-17 03:04:53] [WARNING] [CHECK] Introspection activity warning detected (code 17): 1210 seconds
[2025-07-17 03:04:53] [WARNING] Introspection activity warning: No introspection activity for 20 minutes.
[2025-07-17 03:04:55] [HEARTBEAT] Heartbeat sent to agent session
[2025-07-17 03:05:58] [WARNING] [CHECK] Introspection activity warning detected (code 17): 1274 seconds
[2025-07-17 03:05:58] [WARNING] Introspection activity warning: No introspection activity for 21 minutes.
[2025-07-17 03:05:59] [HEARTBEAT] Heartbeat sent to agent session
[2025-07-17 03:07:02] [WARNING] [CHECK] Introspection activity warning detected (code 17): 1339 seconds
[2025-07-17 03:07:03] [WARNING] Introspection activity warning: No introspection activity for 22 minutes.
[2025-07-17 03:07:04] [HEARTBEAT] Heartbeat sent to agent session
[2025-07-17 03:08:08] [HEARTBEAT] Heartbeat sent to agent session
[2025-07-17 03:09:13] [HEARTBEAT] Heartbeat sent to agent session
[2025-07-17 03:10:18] [HEARTBEAT] Heartbeat sent to agent session
[2025-07-17 03:11:22] [HEARTBEAT] Heartbeat sent to agent session
[2025-07-17 03:12:27] [HEARTBEAT] Heartbeat sent to agent session
[2025-07-17 03:13:30] [WARNING] [CHECK] Activity log timestamp warning detected (code 19): 322 seconds
[2025-07-17 03:13:30] [WARNING] Activity log timestamp warning: Timestamp is 5 minutes old.
[2025-07-17 03:13:31] [HEARTBEAT] Heartbeat sent to agent session
[2025-07-17 03:14:36] [HEARTBEAT] Heartbeat sent to agent session
[2025-07-17 03:15:39] [WARNING] [CHECK] Activity log timestamp warning detected (code 19): 321 seconds
[2025-07-17 03:15:39] [WARNING] Activity log timestamp warning: Timestamp is 5 minutes old.
[2025-07-17 03:15:41] [HEARTBEAT] Heartbeat sent to agent session
[2025-07-17 03:16:43] [WARNING] [CHECK] Activity log pattern error detected (code 13):        4 files
[2025-07-17 03:16:43] [WARNING] Activity log pattern error:        4 files with same timestamp detected.
[2025-07-17 03:16:43] [WARNING] Abnormal activity detected: 活動ログパターン異常 (attempt 1/3)
[2025-07-17 03:16:43] [NOTICE] Interrupting agent process...
[2025-07-17 03:16:46] [NOTICE] Agent processing has been interrupted.
[2025-07-17 03:16:46] [NOTICE] Sending context compression command...
[2025-07-17 03:17:18] [NOTICE] Context compression completed.
[2025-07-17 03:17:18] [NOTICE] Saving chat with tag: HEARTBEAT_20250716234146_20250717031718
[2025-07-17 03:17:51] [NOTICE] Chat saved with tag: HEARTBEAT_20250716234146_20250717031718
[2025-07-17 03:17:51] [NOTICE] Context compression and recovery message prepared, entering recovery waiting state.
[2025-07-17 03:17:52] [HEARTBEAT] Heartbeat sent to agent session
[2025-07-17 03:17:52] [WARNING] [CHECK] Activity log pattern error detected (code 13):        4 files
[2025-07-17 03:17:52] [WARNING] Agent health check failed with status 13. Recovery not yet confirmed.
[2025-07-17 03:18:55] [WARNING] [CHECK] Activity log pattern error detected (code 13):        4 files
[2025-07-17 03:18:55] [WARNING] Agent health check failed with status 13. Recovery not yet confirmed.
[2025-07-17 03:19:59] [WARNING] [CHECK] Activity log pattern error detected (code 13):        4 files
[2025-07-17 03:19:59] [WARNING] Agent health check failed with status 13. Recovery not yet confirmed.
[2025-07-17 03:21:02] [WARNING] [CHECK] Activity log pattern error detected (code 13):        4 files
[2025-07-17 03:21:02] [WARNING] Agent health check failed with status 13. Recovery not yet confirmed.
[2025-07-17 03:22:05] [WARNING] [CHECK] Activity log frequency warning detected (code 10): 337 seconds
[2025-07-17 03:22:05] [WARNING] Agent health check failed with status 10. Recovery not yet confirmed.
[2025-07-17 03:22:05] [WARNING] Recovery wait timeout. Returning to normal state for next recovery attempt...
[2025-07-17 03:23:08] [WARNING] [CHECK] Activity log frequency warning detected (code 10): 400 seconds
[2025-07-17 03:23:08] [WARNING] Activity log frequency warning: No activity log updates for 6 minutes.
[2025-07-17 03:23:09] [HEARTBEAT] Heartbeat sent to agent session
[2025-07-17 03:24:14] [HEARTBEAT] Heartbeat sent to agent session
[2025-07-17 03:25:18] [HEARTBEAT] Heartbeat sent to agent session
[2025-07-17 03:26:23] [HEARTBEAT] Heartbeat sent to agent session
[2025-07-17 03:27:26] [WARNING] [CHECK] Introspection activity warning detected (code 17): 1213 seconds
[2025-07-17 03:27:26] [WARNING] Introspection activity warning: No introspection activity for 20 minutes.
[2025-07-17 03:27:28] [HEARTBEAT] Heartbeat sent to agent session
[2025-07-17 03:28:32] [HEARTBEAT] Heartbeat sent to agent session
[2025-07-17 03:29:37] [HEARTBEAT] Heartbeat sent to agent session
[2025-07-17 03:30:42] [HEARTBEAT] Heartbeat sent to agent session
[2025-07-17 03:31:47] [HEARTBEAT] Heartbeat sent to agent session
[2025-07-17 03:32:50] [WARNING] [CHECK] Activity log timestamp warning detected (code 19): 322 seconds
[2025-07-17 03:32:50] [WARNING] Activity log timestamp warning: Timestamp is 5 minutes old.
[2025-07-17 03:32:52] [HEARTBEAT] Heartbeat sent to agent session
[2025-07-17 03:33:54] [WARNING] [CHECK] Activity log frequency warning detected (code 10): 326 seconds
[2025-07-17 03:33:54] [WARNING] Activity log frequency warning: No activity log updates for 5 minutes.
[2025-07-17 03:33:55] [HEARTBEAT] Heartbeat sent to agent session
[2025-07-17 03:34:58] [WARNING] [CHECK] Activity log frequency warning detected (code 10): 390 seconds
[2025-07-17 03:34:58] [WARNING] Activity log frequency warning: No activity log updates for 6 minutes.
[2025-07-17 03:34:59] [HEARTBEAT] Heartbeat sent to agent session
[2025-07-17 03:36:02] [WARNING] [CHECK] Activity log frequency warning detected (code 10): 454 seconds
[2025-07-17 03:36:02] [WARNING] Activity log frequency warning: No activity log updates for 7 minutes.
[2025-07-17 03:36:03] [HEARTBEAT] Heartbeat sent to agent session
[2025-07-17 03:37:06] [WARNING] [CHECK] Activity log frequency warning detected (code 10): 518 seconds
[2025-07-17 03:37:06] [WARNING] Activity log frequency warning: No activity log updates for 8 minutes.
[2025-07-17 03:37:07] [HEARTBEAT] Heartbeat sent to agent session
[2025-07-17 03:38:10] [WARNING] [CHECK] Activity log frequency warning detected (code 10): 582 seconds
[2025-07-17 03:38:10] [WARNING] Activity log frequency warning: No activity log updates for 9 minutes.
[2025-07-17 03:38:11] [HEARTBEAT] Heartbeat sent to agent session
[2025-07-17 03:39:14] [WARNING] [CHECK] Activity log frequency error detected (code 11): 646 seconds
[2025-07-17 03:39:14] [WARNING] Activity log frequency error: No activity log updates for 10 minutes.
[2025-07-17 03:39:14] [WARNING] Abnormal activity detected: 活動ログ頻度異常 (attempt 2/3)
[2025-07-17 03:39:14] [NOTICE] Interrupting agent process...
[2025-07-17 03:39:17] [NOTICE] Agent processing has been interrupted.
[2025-07-17 03:39:17] [NOTICE] Sending context compression command...
[2025-07-17 03:39:49] [NOTICE] Context compression completed.
[2025-07-17 03:39:49] [NOTICE] Saving chat with tag: HEARTBEAT_20250716234146_20250717033949
[2025-07-17 03:40:22] [NOTICE] Chat saved with tag: HEARTBEAT_20250716234146_20250717033949
[2025-07-17 03:40:22] [NOTICE] Context compression and recovery message prepared, entering recovery waiting state.
[2025-07-17 03:40:23] [HEARTBEAT] Heartbeat sent to agent session
[2025-07-17 03:40:23] [WARNING] [CHECK] Activity log frequency error detected (code 11): 715 seconds
[2025-07-17 03:40:23] [WARNING] Agent health check failed with status 11. Recovery not yet confirmed.
[2025-07-17 03:41:26] [WARNING] [CHECK] Activity log frequency error detected (code 11): 778 seconds
[2025-07-17 03:41:26] [WARNING] Agent health check failed with status 11. Recovery not yet confirmed.
[2025-07-17 03:42:28] [WARNING] [CHECK] Activity log frequency error detected (code 11): 840 seconds
[2025-07-17 03:42:28] [WARNING] Agent health check failed with status 11. Recovery not yet confirmed.
[2025-07-17 03:43:31] [WARNING] [CHECK] Activity log frequency error detected (code 11): 903 seconds
[2025-07-17 03:43:31] [WARNING] Agent health check failed with status 11. Recovery not yet confirmed.
[2025-07-17 03:44:34] [WARNING] [CHECK] Activity log frequency error detected (code 11): 966 seconds
[2025-07-17 03:44:34] [WARNING] Agent health check failed with status 11. Recovery not yet confirmed.
[2025-07-17 03:44:34] [WARNING] Recovery wait timeout. Returning to normal state for next recovery attempt...
[2025-07-17 03:45:37] [WARNING] [CHECK] Activity log frequency error detected (code 11): 1029 seconds
[2025-07-17 03:45:37] [WARNING] Activity log frequency error: No activity log updates for 17 minutes.
[2025-07-17 03:45:37] [WARNING] Abnormal activity detected: 活動ログ頻度異常 (attempt 3/3)
[2025-07-17 03:45:37] [NOTICE] Interrupting agent process...
[2025-07-17 03:45:39] [NOTICE] Agent processing has been interrupted.
[2025-07-17 03:45:39] [NOTICE] Sending context compression command...
[2025-07-17 03:46:12] [NOTICE] Context compression completed.
[2025-07-17 03:46:12] [NOTICE] Saving chat with tag: HEARTBEAT_20250716234146_20250717034612
[2025-07-17 03:46:44] [NOTICE] Chat saved with tag: HEARTBEAT_20250716234146_20250717034612
[2025-07-17 03:46:45] [NOTICE] Context compression and recovery message prepared, entering recovery waiting state.
[2025-07-17 03:46:46] [HEARTBEAT] Heartbeat sent to agent session
[2025-07-17 03:46:46] [WARNING] [CHECK] Activity log frequency error detected (code 11): 1098 seconds
[2025-07-17 03:46:46] [WARNING] Agent health check failed with status 11. Recovery not yet confirmed.
[2025-07-17 03:47:49] [WARNING] [CHECK] Activity log frequency error detected (code 11): 1160 seconds
[2025-07-17 03:47:49] [WARNING] Agent health check failed with status 11. Recovery not yet confirmed.
[2025-07-17 03:48:51] [WARNING] [CHECK] Activity log frequency error detected (code 11): 1223 seconds
[2025-07-17 03:48:51] [WARNING] Agent health check failed with status 11. Recovery not yet confirmed.
[2025-07-17 03:49:54] [WARNING] [CHECK] Activity log frequency error detected (code 11): 1286 seconds
[2025-07-17 03:49:54] [WARNING] Agent health check failed with status 11. Recovery not yet confirmed.
[2025-07-17 03:50:57] [WARNING] [CHECK] Activity log frequency error detected (code 11): 1349 seconds
[2025-07-17 03:50:57] [WARNING] Agent health check failed with status 11. Recovery not yet confirmed.
[2025-07-17 03:50:57] [ERROR] Recovery wait timeout and maximum attempts exceeded.
[2025-07-17 03:50:57] [NOTICE] Final agent process interruption...
[2025-07-17 03:50:59] [NOTICE] Agent processing has been interrupted.
[2025-07-17 03:51:00] [NOTICE] Heartbeat stopping at 2025-07-17 03:50:59
