[2025-07-23 00:00:32] [NOTICE] Heartbeat started at 2025-07-23 00:00:32 (PID: 56046)
[2025-07-23 00:00:32] [NOTICE] Log file: logs/heartbeat_20250723000032.log
[2025-07-23 00:00:32] [NOTICE] Heartbeat monitor started at 2025-07-23 00:00:32
[2025-07-23 00:00:32] [NOTICE] Monitored directories: artifacts
[2025-07-23 00:00:32] [NOTICE] Warning threshold: 5 minutes
[2025-07-23 00:00:32] [NOTICE] Stop threshold: 10 minutes
[2025-07-23 00:00:33] [NOTICE] Sending initial heartbeat immediately after startup...
[2025-07-23 00:00:34] [HEARTBEAT] Initial heartbeat sent to agent session
[2025-07-23 00:00:34] [HEARTBEAT] Heartbeat sent to agent session
[2025-07-23 00:01:38] [HEARTBEAT] Heartbeat sent to agent session
[2025-07-23 00:02:42] [HEARTBEAT] Heartbeat sent to agent session
[2025-07-23 00:03:46] [HEARTBEAT] Heartbeat sent to agent session
[2025-07-23 00:04:50] [HEARTBEAT] Heartbeat sent to agent session
[2025-07-23 00:05:53] [HEARTBEAT] Heartbeat sent to agent session
[2025-07-23 00:06:57] [HEARTBEAT] Heartbeat sent to agent session
[2025-07-23 00:08:01] [HEARTBEAT] Heartbeat sent to agent session
[2025-07-23 00:09:05] [HEARTBEAT] Heartbeat sent to agent session
[2025-07-23 00:10:09] [HEARTBEAT] Heartbeat sent to agent session
[2025-07-23 00:11:13] [HEARTBEAT] Heartbeat sent to agent session
[2025-07-23 00:12:16] [HEARTBEAT] Heartbeat sent to agent session
[2025-07-23 00:13:19] [WARNING] [CHECK] Activity log timestamp warning detected (code 19): 318 seconds
[2025-07-23 00:13:19] [WARNING] Activity log timestamp warning: Timestamp is 5 minutes old.
[2025-07-23 00:13:20] [HEARTBEAT] Heartbeat sent to agent session
[2025-07-23 00:14:22] [WARNING] [CHECK] Activity log frequency warning detected (code 10): 329 seconds
[2025-07-23 00:14:22] [WARNING] Activity log frequency warning: No activity log updates for 5 minutes.
[2025-07-23 00:14:23] [HEARTBEAT] Heartbeat sent to agent session
[2025-07-23 00:15:25] [WARNING] [CHECK] Activity log timestamp warning detected (code 19): 317 seconds
[2025-07-23 00:15:25] [WARNING] Activity log timestamp warning: Timestamp is 5 minutes old.
[2025-07-23 00:15:27] [HEARTBEAT] Heartbeat sent to agent session
[2025-07-23 00:16:31] [HEARTBEAT] Heartbeat sent to agent session
[2025-07-23 00:17:35] [HEARTBEAT] Heartbeat sent to agent session
[2025-07-23 00:18:40] [HEARTBEAT] Heartbeat sent to agent session
[2025-07-23 00:19:43] [HEARTBEAT] Heartbeat sent to agent session
[2025-07-23 00:20:47] [HEARTBEAT] Heartbeat sent to agent session
[2025-07-23 00:21:51] [HEARTBEAT] Heartbeat sent to agent session
[2025-07-23 00:22:54] [HEARTBEAT] Heartbeat sent to agent session
[2025-07-23 00:23:58] [HEARTBEAT] Heartbeat sent to agent session
[2025-07-23 00:25:02] [HEARTBEAT] Heartbeat sent to agent session
[2025-07-23 00:26:06] [HEARTBEAT] Heartbeat sent to agent session
[2025-07-23 00:27:11] [HEARTBEAT] Heartbeat sent to agent session
[2025-07-23 00:28:15] [HEARTBEAT] Heartbeat sent to agent session
[2025-07-23 00:29:19] [HEARTBEAT] Heartbeat sent to agent session
[2025-07-23 00:30:24] [HEARTBEAT] Heartbeat sent to agent session
[2025-07-23 00:31:28] [HEARTBEAT] Heartbeat sent to agent session
[2025-07-23 00:32:32] [HEARTBEAT] Heartbeat sent to agent session
[2025-07-23 00:33:37] [HEARTBEAT] Heartbeat sent to agent session
[2025-07-23 00:34:42] [HEARTBEAT] Heartbeat sent to agent session
[2025-07-23 00:35:46] [HEARTBEAT] Heartbeat sent to agent session
[2025-07-23 00:36:51] [HEARTBEAT] Heartbeat sent to agent session
[2025-07-23 00:37:54] [WARNING] [CHECK] Activity log timestamp warning detected (code 19): 322 seconds
[2025-07-23 00:37:54] [WARNING] Activity log timestamp warning: Timestamp is 5 minutes old.
[2025-07-23 00:37:55] [HEARTBEAT] Heartbeat sent to agent session
[2025-07-23 00:38:59] [WARNING] [CHECK] Activity log timestamp warning detected (code 19): 387 seconds
[2025-07-23 00:38:59] [WARNING] Activity log timestamp warning: Timestamp is 6 minutes old.
[2025-07-23 00:39:00] [HEARTBEAT] Heartbeat sent to agent session
[2025-07-23 00:40:04] [HEARTBEAT] Heartbeat sent to agent session
[2025-07-23 00:41:09] [HEARTBEAT] Heartbeat sent to agent session
[2025-07-23 00:42:13] [HEARTBEAT] Heartbeat sent to agent session
[2025-07-23 00:43:17] [HEARTBEAT] Heartbeat sent to agent session
[2025-07-23 00:44:22] [HEARTBEAT] Heartbeat sent to agent session
[2025-07-23 00:45:26] [HEARTBEAT] Heartbeat sent to agent session
[2025-07-23 00:46:31] [HEARTBEAT] Heartbeat sent to agent session
[2025-07-23 00:47:34] [WARNING] [CHECK] Activity log timestamp warning detected (code 19): 321 seconds
[2025-07-23 00:47:34] [WARNING] Activity log timestamp warning: Timestamp is 5 minutes old.
[2025-07-23 00:47:35] [HEARTBEAT] Heartbeat sent to agent session
[2025-07-23 00:48:38] [WARNING] [CHECK] Activity log timestamp warning detected (code 19): 386 seconds
[2025-07-23 00:48:38] [WARNING] Activity log timestamp warning: Timestamp is 6 minutes old.
[2025-07-23 00:48:39] [HEARTBEAT] Heartbeat sent to agent session
[2025-07-23 00:49:44] [HEARTBEAT] Heartbeat sent to agent session
[2025-07-23 00:50:48] [HEARTBEAT] Heartbeat sent to agent session
[2025-07-23 00:51:52] [HEARTBEAT] Heartbeat sent to agent session
[2025-07-23 00:52:56] [HEARTBEAT] Heartbeat sent to agent session
[2025-07-23 00:54:00] [HEARTBEAT] Heartbeat sent to agent session
[2025-07-23 00:55:02] [WARNING] [CHECK] Activity log timestamp warning detected (code 19): 319 seconds
[2025-07-23 00:55:02] [WARNING] Activity log timestamp warning: Timestamp is 5 minutes old.
[2025-07-23 00:55:03] [HEARTBEAT] Heartbeat sent to agent session
[2025-07-23 00:56:07] [HEARTBEAT] Heartbeat sent to agent session
[2025-07-23 00:57:10] [WARNING] [CHECK] Activity log timestamp warning detected (code 19): 318 seconds
[2025-07-23 00:57:10] [WARNING] Activity log timestamp warning: Timestamp is 5 minutes old.
[2025-07-23 00:57:11] [HEARTBEAT] Heartbeat sent to agent session
[2025-07-23 00:58:15] [WARNING] [CHECK] Activity log timestamp warning detected (code 19): 383 seconds
[2025-07-23 00:58:15] [WARNING] Activity log timestamp warning: Timestamp is 6 minutes old.
[2025-07-23 00:58:16] [HEARTBEAT] Heartbeat sent to agent session
[2025-07-23 00:59:20] [HEARTBEAT] Heartbeat sent to agent session
[2025-07-23 01:00:25] [HEARTBEAT] Heartbeat sent to agent session
[2025-07-23 01:01:28] [WARNING] [CHECK] Activity log timestamp warning detected (code 19): 321 seconds
[2025-07-23 01:01:28] [WARNING] Activity log timestamp warning: Timestamp is 5 minutes old.
[2025-07-23 01:01:29] [HEARTBEAT] Heartbeat sent to agent session
[2025-07-23 01:02:32] [WARNING] [CHECK] Activity log timestamp warning detected (code 19): 385 seconds
[2025-07-23 01:02:32] [WARNING] Activity log timestamp warning: Timestamp is 6 minutes old.
[2025-07-23 01:02:33] [HEARTBEAT] Heartbeat sent to agent session
[2025-07-23 01:03:36] [WARNING] [CHECK] Activity log timestamp warning detected (code 19): 450 seconds
[2025-07-23 01:03:36] [WARNING] Activity log timestamp warning: Timestamp is 7 minutes old.
[2025-07-23 01:03:37] [HEARTBEAT] Heartbeat sent to agent session
[2025-07-23 01:04:42] [HEARTBEAT] Heartbeat sent to agent session
[2025-07-23 01:05:45] [WARNING] [CHECK] Activity log timestamp warning detected (code 19): 321 seconds
[2025-07-23 01:05:45] [WARNING] Activity log timestamp warning: Timestamp is 5 minutes old.
[2025-07-23 01:05:46] [HEARTBEAT] Heartbeat sent to agent session
[2025-07-23 01:06:51] [HEARTBEAT] Heartbeat sent to agent session
[2025-07-23 01:07:55] [HEARTBEAT] Heartbeat sent to agent session
[2025-07-23 01:08:59] [HEARTBEAT] Heartbeat sent to agent session
[2025-07-23 01:10:03] [WARNING] [CHECK] Activity log timestamp warning detected (code 19): 321 seconds
[2025-07-23 01:10:03] [WARNING] Activity log timestamp warning: Timestamp is 5 minutes old.
[2025-07-23 01:10:04] [HEARTBEAT] Heartbeat sent to agent session
[2025-07-23 01:11:07] [WARNING] [CHECK] Activity log frequency warning detected (code 10): 310 seconds
[2025-07-23 01:11:07] [WARNING] Activity log frequency warning: No activity log updates for 5 minutes.
[2025-07-23 01:11:08] [HEARTBEAT] Heartbeat sent to agent session
[2025-07-23 01:12:11] [WARNING] [CHECK] Activity log timestamp warning detected (code 19): 320 seconds
[2025-07-23 01:12:11] [WARNING] Activity log timestamp warning: Timestamp is 5 minutes old.
[2025-07-23 01:12:12] [HEARTBEAT] Heartbeat sent to agent session
[2025-07-23 01:13:15] [WARNING] [CHECK] Activity log timestamp warning detected (code 19): 385 seconds
[2025-07-23 01:13:15] [WARNING] Activity log timestamp warning: Timestamp is 6 minutes old.
[2025-07-23 01:13:17] [HEARTBEAT] Heartbeat sent to agent session
[2025-07-23 01:14:19] [WARNING] [CHECK] Activity log timestamp warning detected (code 19): 448 seconds
[2025-07-23 01:14:19] [WARNING] Activity log timestamp warning: Timestamp is 7 minutes old.
[2025-07-23 01:14:20] [HEARTBEAT] Heartbeat sent to agent session
[2025-07-23 01:15:24] [HEARTBEAT] Heartbeat sent to agent session
[2025-07-23 01:16:28] [HEARTBEAT] Heartbeat sent to agent session
[2025-07-23 01:17:31] [WARNING] [CHECK] Activity log timestamp warning detected (code 19): 319 seconds
[2025-07-23 01:17:31] [WARNING] Activity log timestamp warning: Timestamp is 5 minutes old.
[2025-07-23 01:17:32] [HEARTBEAT] Heartbeat sent to agent session
[2025-07-23 01:18:35] [WARNING] [CHECK] Activity log timestamp warning detected (code 19): 383 seconds
[2025-07-23 01:18:35] [WARNING] Activity log timestamp warning: Timestamp is 6 minutes old.
[2025-07-23 01:18:36] [HEARTBEAT] Heartbeat sent to agent session
[2025-07-23 01:19:39] [WARNING] [CHECK] Activity log timestamp warning detected (code 19): 448 seconds
[2025-07-23 01:19:39] [WARNING] Activity log timestamp warning: Timestamp is 7 minutes old.
[2025-07-23 01:19:41] [HEARTBEAT] Heartbeat sent to agent session
[2025-07-23 01:20:45] [HEARTBEAT] Heartbeat sent to agent session
[2025-07-23 01:21:48] [NOTICE] [CHECK] Introspection activity notification detected (code 21): 952 seconds
[2025-07-23 01:21:48] [NOTICE] Introspection activity notification: No introspection activity for 15 minutes.
[2025-07-23 01:21:49] [HEARTBEAT] Heartbeat sent to agent session
[2025-07-23 01:22:54] [HEARTBEAT] Heartbeat sent to agent session
[2025-07-23 01:23:59] [HEARTBEAT] Heartbeat sent to agent session
[2025-07-23 01:25:03] [HEARTBEAT] Heartbeat sent to agent session
[2025-07-23 01:26:07] [WARNING] [CHECK] Activity log timestamp warning detected (code 19): 322 seconds
[2025-07-23 01:26:07] [WARNING] Activity log timestamp warning: Timestamp is 5 minutes old.
[2025-07-23 01:26:08] [HEARTBEAT] Heartbeat sent to agent session
[2025-07-23 01:27:13] [HEARTBEAT] Heartbeat sent to agent session
[2025-07-23 01:28:16] [WARNING] [CHECK] Activity log timestamp warning detected (code 19): 322 seconds
[2025-07-23 01:28:16] [WARNING] Activity log timestamp warning: Timestamp is 5 minutes old.
[2025-07-23 01:28:17] [HEARTBEAT] Heartbeat sent to agent session
[2025-07-23 01:29:21] [WARNING] [CHECK] Activity log timestamp warning detected (code 19): 387 seconds
[2025-07-23 01:29:21] [WARNING] Activity log timestamp warning: Timestamp is 6 minutes old.
[2025-07-23 01:29:22] [HEARTBEAT] Heartbeat sent to agent session
[2025-07-23 01:30:25] [WARNING] [CHECK] Activity log timestamp warning detected (code 19): 452 seconds
[2025-07-23 01:30:25] [WARNING] Activity log timestamp warning: Timestamp is 7 minutes old.
[2025-07-23 01:30:27] [HEARTBEAT] Heartbeat sent to agent session
[2025-07-23 01:31:30] [WARNING] [CHECK] Activity log timestamp warning detected (code 19): 516 seconds
[2025-07-23 01:31:30] [WARNING] Activity log timestamp warning: Timestamp is 8 minutes old.
[2025-07-23 01:31:31] [HEARTBEAT] Heartbeat sent to agent session
[2025-07-23 01:32:34] [WARNING] [CHECK] Activity log frequency warning detected (code 10): 328 seconds
[2025-07-23 01:32:34] [WARNING] Activity log frequency warning: No activity log updates for 5 minutes.
[2025-07-23 01:32:35] [HEARTBEAT] Heartbeat sent to agent session
[2025-07-23 01:33:38] [WARNING] [CHECK] Activity log frequency warning detected (code 10): 392 seconds
[2025-07-23 01:33:38] [WARNING] Activity log frequency warning: No activity log updates for 6 minutes.
[2025-07-23 01:33:40] [HEARTBEAT] Heartbeat sent to agent session
[2025-07-23 01:34:42] [WARNING] [CHECK] Activity log frequency warning detected (code 10): 456 seconds
[2025-07-23 01:34:43] [WARNING] Activity log frequency warning: No activity log updates for 7 minutes.
[2025-07-23 01:34:44] [HEARTBEAT] Heartbeat sent to agent session
[2025-07-23 01:35:47] [WARNING] [CHECK] Activity log frequency warning detected (code 10): 521 seconds
[2025-07-23 01:35:47] [WARNING] Activity log frequency warning: No activity log updates for 8 minutes.
[2025-07-23 01:35:48] [HEARTBEAT] Heartbeat sent to agent session
[2025-07-23 01:36:52] [WARNING] [CHECK] Activity log timestamp warning detected (code 19): 515 seconds
[2025-07-23 01:36:52] [WARNING] Activity log timestamp warning: Timestamp is 8 minutes old.
[2025-07-23 01:36:53] [HEARTBEAT] Heartbeat sent to agent session
[2025-07-23 01:37:56] [NOTICE] [CHECK] Introspection activity notification detected (code 21): 944 seconds
[2025-07-23 01:37:56] [NOTICE] Introspection activity notification: No introspection activity for 15 minutes.
[2025-07-23 01:37:57] [HEARTBEAT] Heartbeat sent to agent session
[2025-07-23 01:39:01] [NOTICE] [CHECK] Introspection activity notification detected (code 21): 1008 seconds
[2025-07-23 01:39:01] [NOTICE] Introspection activity notification: No introspection activity for 16 minutes.
[2025-07-23 01:39:02] [HEARTBEAT] Heartbeat sent to agent session
[2025-07-23 01:40:05] [NOTICE] [CHECK] Introspection activity notification detected (code 21): 1073 seconds
[2025-07-23 01:40:05] [NOTICE] Introspection activity notification: No introspection activity for 17 minutes.
[2025-07-23 01:40:07] [HEARTBEAT] Heartbeat sent to agent session
[2025-07-23 01:41:10] [NOTICE] [CHECK] Introspection activity notification detected (code 21): 1137 seconds
[2025-07-23 01:41:10] [NOTICE] Introspection activity notification: No introspection activity for 18 minutes.
[2025-07-23 01:41:11] [HEARTBEAT] Heartbeat sent to agent session
[2025-07-23 01:42:15] [WARNING] [CHECK] Introspection activity warning detected (code 17): 1202 seconds
[2025-07-23 01:42:15] [WARNING] Introspection activity warning: No introspection activity for 20 minutes.
[2025-07-23 01:42:16] [HEARTBEAT] Heartbeat sent to agent session
[2025-07-23 01:43:19] [WARNING] [CHECK] Introspection activity warning detected (code 17): 1266 seconds
[2025-07-23 01:43:19] [WARNING] Introspection activity warning: No introspection activity for 21 minutes.
[2025-07-23 01:43:20] [HEARTBEAT] Heartbeat sent to agent session
[2025-07-23 01:44:23] [WARNING] [CHECK] Introspection activity warning detected (code 17): 1331 seconds
[2025-07-23 01:44:23] [WARNING] Introspection activity warning: No introspection activity for 22 minutes.
[2025-07-23 01:44:25] [HEARTBEAT] Heartbeat sent to agent session
[2025-07-23 01:45:28] [WARNING] [CHECK] Introspection activity warning detected (code 17): 1396 seconds
[2025-07-23 01:45:28] [WARNING] Introspection activity warning: No introspection activity for 23 minutes.
[2025-07-23 01:45:29] [HEARTBEAT] Heartbeat sent to agent session
[2025-07-23 01:46:33] [WARNING] [CHECK] Introspection activity warning detected (code 17): 1460 seconds
[2025-07-23 01:46:33] [WARNING] Introspection activity warning: No introspection activity for 24 minutes.
[2025-07-23 01:46:34] [HEARTBEAT] Heartbeat sent to agent session
[2025-07-23 01:47:37] [WARNING] [CHECK] Introspection activity warning detected (code 17): 1525 seconds
[2025-07-23 01:47:37] [WARNING] Introspection activity warning: No introspection activity for 25 minutes.
[2025-07-23 01:47:38] [HEARTBEAT] Heartbeat sent to agent session
[2025-07-23 01:48:43] [HEARTBEAT] Heartbeat sent to agent session
[2025-07-23 01:49:48] [HEARTBEAT] Heartbeat sent to agent session
[2025-07-23 01:50:52] [HEARTBEAT] Heartbeat sent to agent session
[2025-07-23 01:51:56] [WARNING] [CHECK] Activity log timestamp warning detected (code 19): 322 seconds
[2025-07-23 01:51:56] [WARNING] Activity log timestamp warning: Timestamp is 5 minutes old.
[2025-07-23 01:51:57] [HEARTBEAT] Heartbeat sent to agent session
[2025-07-23 01:53:02] [HEARTBEAT] Heartbeat sent to agent session
[2025-07-23 01:54:06] [HEARTBEAT] Heartbeat sent to agent session
[2025-07-23 01:55:10] [WARNING] [CHECK] Activity log timestamp warning detected (code 19): 322 seconds
[2025-07-23 01:55:10] [WARNING] Activity log timestamp warning: Timestamp is 5 minutes old.
[2025-07-23 01:55:11] [HEARTBEAT] Heartbeat sent to agent session
[2025-07-23 01:56:15] [HEARTBEAT] Heartbeat sent to agent session
[2025-07-23 01:57:20] [HEARTBEAT] Heartbeat sent to agent session
[2025-07-23 01:58:25] [HEARTBEAT] Heartbeat sent to agent session
[2025-07-23 01:59:28] [WARNING] [CHECK] Activity log timestamp warning detected (code 19): 322 seconds
[2025-07-23 01:59:28] [WARNING] Activity log timestamp warning: Timestamp is 5 minutes old.
[2025-07-23 01:59:29] [HEARTBEAT] Heartbeat sent to agent session
[2025-07-23 02:00:34] [HEARTBEAT] Heartbeat sent to agent session
[2025-07-23 02:01:39] [HEARTBEAT] Heartbeat sent to agent session
[2025-07-23 02:02:42] [WARNING] [CHECK] Activity log timestamp warning detected (code 19): 322 seconds
[2025-07-23 02:02:42] [WARNING] Activity log timestamp warning: Timestamp is 5 minutes old.
[2025-07-23 02:02:43] [HEARTBEAT] Heartbeat sent to agent session
[2025-07-23 02:03:46] [NOTICE] [CHECK] Introspection activity notification detected (code 21): 926 seconds
[2025-07-23 02:03:46] [NOTICE] Introspection activity notification: No introspection activity for 15 minutes.
[2025-07-23 02:03:48] [HEARTBEAT] Heartbeat sent to agent session
[2025-07-23 02:04:51] [NOTICE] [CHECK] Introspection activity notification detected (code 21): 990 seconds
[2025-07-23 02:04:51] [NOTICE] Introspection activity notification: No introspection activity for 16 minutes.
[2025-07-23 02:04:52] [HEARTBEAT] Heartbeat sent to agent session
[2025-07-23 02:05:55] [NOTICE] [CHECK] Introspection activity notification detected (code 21): 1055 seconds
[2025-07-23 02:05:56] [NOTICE] Introspection activity notification: No introspection activity for 17 minutes.
[2025-07-23 02:05:57] [HEARTBEAT] Heartbeat sent to agent session
[2025-07-23 02:07:00] [NOTICE] [CHECK] Introspection activity notification detected (code 21): 1119 seconds
[2025-07-23 02:07:00] [NOTICE] Introspection activity notification: No introspection activity for 18 minutes.
[2025-07-23 02:07:01] [HEARTBEAT] Heartbeat sent to agent session
[2025-07-23 02:08:04] [NOTICE] [CHECK] Introspection activity notification detected (code 21): 1184 seconds
[2025-07-23 02:08:04] [NOTICE] Introspection activity notification: No introspection activity for 19 minutes.
[2025-07-23 02:08:05] [HEARTBEAT] Heartbeat sent to agent session
[2025-07-23 02:09:09] [WARNING] [CHECK] Introspection activity warning detected (code 17): 1248 seconds
[2025-07-23 02:09:09] [WARNING] Introspection activity warning: No introspection activity for 20 minutes.
[2025-07-23 02:09:10] [HEARTBEAT] Heartbeat sent to agent session
[2025-07-23 02:10:13] [WARNING] [CHECK] Introspection activity warning detected (code 17): 1313 seconds
[2025-07-23 02:10:13] [WARNING] Introspection activity warning: No introspection activity for 21 minutes.
[2025-07-23 02:10:14] [HEARTBEAT] Heartbeat sent to agent session
[2025-07-23 02:11:18] [WARNING] [CHECK] Introspection activity warning detected (code 17): 1377 seconds
[2025-07-23 02:11:18] [WARNING] Introspection activity warning: No introspection activity for 22 minutes.
[2025-07-23 02:11:19] [HEARTBEAT] Heartbeat sent to agent session
[2025-07-23 02:12:22] [WARNING] [CHECK] Introspection activity warning detected (code 17): 1442 seconds
[2025-07-23 02:12:22] [WARNING] Introspection activity warning: No introspection activity for 24 minutes.
[2025-07-23 02:12:23] [HEARTBEAT] Heartbeat sent to agent session
[2025-07-23 02:13:27] [WARNING] [CHECK] Introspection activity warning detected (code 17): 1506 seconds
[2025-07-23 02:13:27] [WARNING] Introspection activity warning: No introspection activity for 25 minutes.
[2025-07-23 02:13:28] [HEARTBEAT] Heartbeat sent to agent session
[2025-07-23 02:14:31] [WARNING] [CHECK] Introspection activity warning detected (code 17): 1571 seconds
[2025-07-23 02:14:31] [WARNING] Introspection activity warning: No introspection activity for 26 minutes.
[2025-07-23 02:14:32] [HEARTBEAT] Heartbeat sent to agent session
[2025-07-23 02:15:36] [WARNING] [CHECK] Introspection activity warning detected (code 17): 1635 seconds
[2025-07-23 02:15:36] [WARNING] Introspection activity warning: No introspection activity for 27 minutes.
[2025-07-23 02:15:37] [HEARTBEAT] Heartbeat sent to agent session
[2025-07-23 02:16:40] [WARNING] [CHECK] Introspection activity warning detected (code 17): 1699 seconds
[2025-07-23 02:16:40] [WARNING] Introspection activity warning: No introspection activity for 28 minutes.
[2025-07-23 02:16:41] [HEARTBEAT] Heartbeat sent to agent session
[2025-07-23 02:17:45] [WARNING] [CHECK] Introspection activity warning detected (code 17): 1764 seconds
[2025-07-23 02:17:45] [WARNING] Introspection activity warning: No introspection activity for 29 minutes.
[2025-07-23 02:17:46] [HEARTBEAT] Heartbeat sent to agent session
[2025-07-23 02:18:49] [WARNING] [CHECK] Introspection activity error detected (code 18): 1829 seconds
[2025-07-23 02:18:49] [WARNING] Introspection activity error: No introspection activity for 30 minutes.
[2025-07-23 02:18:49] [WARNING] Abnormal activity detected: 活動ログ内省不足 (attempt 1/3)
[2025-07-23 02:18:49] [NOTICE] Interrupting agent process...
[2025-07-23 02:18:51] [NOTICE] Agent processing has been interrupted.
[2025-07-23 02:18:51] [NOTICE] Saving chat with tag: HEARTBEAT_20250723000032_20250723021851
[2025-07-23 02:19:24] [NOTICE] Chat saved with tag: HEARTBEAT_20250723000032_20250723021851
[2025-07-23 02:19:24] [NOTICE] Context compression and recovery message prepared, entering recovery waiting state.
[2025-07-23 02:19:25] [HEARTBEAT] Heartbeat sent to agent session
[2025-07-23 02:19:26] [WARNING] [CHECK] Introspection activity error detected (code 18): 1865 seconds
[2025-07-23 02:19:26] [WARNING] Agent health check failed with status 18. Recovery not yet confirmed.
[2025-07-23 02:20:29] [WARNING] [CHECK] Introspection activity error detected (code 18): 1928 seconds
[2025-07-23 02:20:29] [WARNING] Agent health check failed with status 18. Recovery not yet confirmed.
[2025-07-23 02:21:32] [WARNING] [CHECK] Introspection activity error detected (code 18): 1992 seconds
[2025-07-23 02:21:32] [WARNING] Agent health check failed with status 18. Recovery not yet confirmed.
[2025-07-23 02:22:36] [WARNING] [CHECK] Introspection activity error detected (code 18): 2055 seconds
[2025-07-23 02:22:36] [WARNING] Agent health check failed with status 18. Recovery not yet confirmed.
[2025-07-23 02:23:39] [NOTICE] Agent health check passed. Recovery confirmed.
[2025-07-23 02:23:39] [NOTICE] Agent recovery confirmed. Returning to normal state.
[2025-07-23 02:24:42] [WARNING] [CHECK] Activity log timestamp warning detected (code 19): 318 seconds
[2025-07-23 02:24:42] [WARNING] Activity log timestamp warning: Timestamp is 5 minutes old.
[2025-07-23 02:24:44] [HEARTBEAT] Heartbeat sent to agent session
[2025-07-23 02:25:47] [WARNING] [CHECK] Activity log timestamp warning detected (code 19): 382 seconds
[2025-07-23 02:25:47] [WARNING] Activity log timestamp warning: Timestamp is 6 minutes old.
[2025-07-23 02:25:48] [HEARTBEAT] Heartbeat sent to agent session
[2025-07-23 02:26:52] [WARNING] [CHECK] Activity log timestamp warning detected (code 19): 447 seconds
[2025-07-23 02:26:52] [WARNING] Activity log timestamp warning: Timestamp is 7 minutes old.
[2025-07-23 02:26:53] [HEARTBEAT] Heartbeat sent to agent session
[2025-07-23 02:27:58] [HEARTBEAT] Heartbeat sent to agent session
[2025-07-23 02:29:02] [HEARTBEAT] Heartbeat sent to agent session
[2025-07-23 02:30:06] [WARNING] [CHECK] Activity log timestamp warning detected (code 19): 322 seconds
[2025-07-23 02:30:06] [WARNING] Activity log timestamp warning: Timestamp is 5 minutes old.
[2025-07-23 02:30:07] [HEARTBEAT] Heartbeat sent to agent session
[2025-07-23 02:31:10] [WARNING] [CHECK] Activity log timestamp warning detected (code 19): 386 seconds
[2025-07-23 02:31:10] [WARNING] Activity log timestamp warning: Timestamp is 6 minutes old.
[2025-07-23 02:31:11] [HEARTBEAT] Heartbeat sent to agent session
[2025-07-23 02:32:14] [WARNING] [CHECK] Activity log frequency warning detected (code 10): 319 seconds
[2025-07-23 02:32:14] [WARNING] Activity log frequency warning: No activity log updates for 5 minutes.
[2025-07-23 02:32:15] [HEARTBEAT] Heartbeat sent to agent session
[2025-07-23 02:33:18] [WARNING] [CHECK] Activity log frequency warning detected (code 10): 383 seconds
[2025-07-23 02:33:18] [WARNING] Activity log frequency warning: No activity log updates for 6 minutes.
[2025-07-23 02:33:19] [HEARTBEAT] Heartbeat sent to agent session
[2025-07-23 02:34:22] [WARNING] [CHECK] Activity log frequency warning detected (code 10): 447 seconds
[2025-07-23 02:34:22] [WARNING] Activity log frequency warning: No activity log updates for 7 minutes.
[2025-07-23 02:34:23] [HEARTBEAT] Heartbeat sent to agent session
[2025-07-23 02:35:26] [WARNING] [CHECK] Activity log frequency warning detected (code 10): 511 seconds
[2025-07-23 02:35:26] [WARNING] Activity log frequency warning: No activity log updates for 8 minutes.
[2025-07-23 02:35:27] [HEARTBEAT] Heartbeat sent to agent session
[2025-07-23 02:36:30] [WARNING] [CHECK] Activity log frequency warning detected (code 10): 575 seconds
[2025-07-23 02:36:30] [WARNING] Activity log frequency warning: No activity log updates for 9 minutes.
[2025-07-23 02:36:31] [HEARTBEAT] Heartbeat sent to agent session
[2025-07-23 02:37:34] [WARNING] [CHECK] Activity log frequency error detected (code 11): 639 seconds
[2025-07-23 02:37:34] [WARNING] Activity log frequency error: No activity log updates for 10 minutes.
[2025-07-23 02:37:34] [WARNING] Abnormal activity detected: 活動ログ頻度異常 (attempt 1/3)
[2025-07-23 02:37:34] [NOTICE] Interrupting agent process...
[2025-07-23 02:37:36] [NOTICE] Agent processing has been interrupted.
[2025-07-23 02:37:36] [NOTICE] Saving chat with tag: HEARTBEAT_20250723000032_20250723023736
[2025-07-23 02:38:09] [NOTICE] Chat saved with tag: HEARTBEAT_20250723000032_20250723023736
[2025-07-23 02:38:09] [NOTICE] Context compression and recovery message prepared, entering recovery waiting state.
[2025-07-23 02:38:10] [HEARTBEAT] Heartbeat sent to agent session
[2025-07-23 02:38:10] [WARNING] [CHECK] Activity log frequency error detected (code 11): 675 seconds
[2025-07-23 02:38:10] [WARNING] Agent health check failed with status 11. Recovery not yet confirmed.
[2025-07-23 02:39:13] [WARNING] [CHECK] Activity log frequency error detected (code 11): 738 seconds
[2025-07-23 02:39:13] [WARNING] Agent health check failed with status 11. Recovery not yet confirmed.
[2025-07-23 02:40:16] [WARNING] [CHECK] Activity log frequency error detected (code 11): 801 seconds
[2025-07-23 02:40:16] [WARNING] Agent health check failed with status 11. Recovery not yet confirmed.
[2025-07-23 02:41:20] [NOTICE] Agent health check passed. Recovery confirmed.
[2025-07-23 02:41:20] [NOTICE] Agent recovery confirmed. Returning to normal state.
[2025-07-23 02:42:24] [HEARTBEAT] Heartbeat sent to agent session
[2025-07-23 02:43:27] [WARNING] [CHECK] Activity log timestamp warning detected (code 19): 318 seconds
[2025-07-23 02:43:27] [WARNING] Activity log timestamp warning: Timestamp is 5 minutes old.
[2025-07-23 02:43:29] [HEARTBEAT] Heartbeat sent to agent session
[2025-07-23 02:44:33] [HEARTBEAT] Heartbeat sent to agent session
[2025-07-23 02:45:37] [HEARTBEAT] Heartbeat sent to agent session
[2025-07-23 02:46:42] [HEARTBEAT] Heartbeat sent to agent session
[2025-07-23 02:47:46] [HEARTBEAT] Heartbeat sent to agent session
[2025-07-23 02:48:51] [HEARTBEAT] Heartbeat sent to agent session
[2025-07-23 02:49:55] [HEARTBEAT] Heartbeat sent to agent session
[2025-07-23 02:51:00] [HEARTBEAT] Heartbeat sent to agent session
[2025-07-23 02:52:04] [HEARTBEAT] Heartbeat sent to agent session
[2025-07-23 02:53:09] [HEARTBEAT] Heartbeat sent to agent session
[2025-07-23 02:54:13] [HEARTBEAT] Heartbeat sent to agent session
[2025-07-23 02:55:18] [HEARTBEAT] Heartbeat sent to agent session
[2025-07-23 02:56:23] [HEARTBEAT] Heartbeat sent to agent session
[2025-07-23 02:57:27] [HEARTBEAT] Heartbeat sent to agent session
[2025-07-23 02:58:32] [HEARTBEAT] Heartbeat sent to agent session
[2025-07-23 02:59:35] [WARNING] [CHECK] Activity log timestamp warning detected (code 19): 323 seconds
[2025-07-23 02:59:35] [WARNING] Activity log timestamp warning: Timestamp is 5 minutes old.
[2025-07-23 02:59:37] [HEARTBEAT] Heartbeat sent to agent session
[2025-07-23 03:00:41] [HEARTBEAT] Heartbeat sent to agent session
[2025-07-23 03:01:46] [HEARTBEAT] Heartbeat sent to agent session
[2025-07-23 03:02:16] [WARNING] Shutdown signal received. Finishing current cycle and exiting gracefully...
[2025-07-23 03:02:16] [NOTICE] Shutdown requested, interrupting sleep.
[2025-07-23 03:02:16] [NOTICE] Heartbeat stopped gracefully at 2025-07-23 03:02:16
