[2025-08-04 13:15:45] [NOTICE] Heartbeat started at 2025-08-04 13:15:45 (PID: 48625)
[2025-08-04 13:15:45] [NOTICE] Log file: ai-works/logs/heartbeat_20250804131545.log
[2025-08-04 13:15:45] [NOTICE] Heartbeat monitor started at 2025-08-04 13:15:45
[2025-08-04 13:15:45] [NOTICE] Monitored directories: artifacts
[2025-08-04 13:15:45] [NOTICE] Warning threshold: 5 minutes
[2025-08-04 13:15:45] [NOTICE] Stop threshold: 10 minutes
[2025-08-04 13:15:46] [NOTICE] Sending initial heartbeat immediately after startup...
[2025-08-04 13:15:47] [HEARTBEAT] Initial heartbeat sent to agent session
[2025-08-04 13:15:47] [HEARTBEAT] Heartbeat sent to agent session
[2025-08-04 13:16:51] [HEARTBEAT] Heartbeat sent to agent session
[2025-08-04 13:17:55] [HEARTBEAT] Heartbeat sent to agent session
[2025-08-04 13:19:00] [HEARTBEAT] Heartbeat sent to agent session
[2025-08-04 13:20:05] [HEARTBEAT] Heartbeat sent to agent session
[2025-08-04 13:21:09] [HEARTBEAT] Heartbeat sent to agent session
[2025-08-04 13:22:14] [HEARTBEAT] Heartbeat sent to agent session
[2025-08-04 13:23:18] [HEARTBEAT] Heartbeat sent to agent session
[2025-08-04 13:24:23] [HEARTBEAT] Heartbeat sent to agent session
[2025-08-04 13:25:28] [HEARTBEAT] Heartbeat sent to agent session
[2025-08-04 13:26:32] [HEARTBEAT] Heartbeat sent to agent session
[2025-08-04 13:27:36] [HEARTBEAT] Heartbeat sent to agent session
[2025-08-04 13:28:40] [HEARTBEAT] Heartbeat sent to agent session
[2025-08-04 13:29:45] [HEARTBEAT] Heartbeat sent to agent session
[2025-08-04 13:30:49] [HEARTBEAT] Heartbeat sent to agent session
[2025-08-04 13:31:53] [HEARTBEAT] Heartbeat sent to agent session
[2025-08-04 13:32:58] [HEARTBEAT] Heartbeat sent to agent session
[2025-08-04 13:34:02] [HEARTBEAT] Heartbeat sent to agent session
[2025-08-04 13:35:06] [HEARTBEAT] Heartbeat sent to agent session
[2025-08-04 13:36:11] [HEARTBEAT] Heartbeat sent to agent session
[2025-08-04 13:37:15] [HEARTBEAT] Heartbeat sent to agent session
[2025-08-04 13:38:19] [HEARTBEAT] Heartbeat sent to agent session
[2025-08-04 13:39:23] [HEARTBEAT] Heartbeat sent to agent session
[2025-08-04 13:40:28] [HEARTBEAT] Heartbeat sent to agent session
[2025-08-04 13:41:32] [HEARTBEAT] Heartbeat sent to agent session
[2025-08-04 13:42:37] [HEARTBEAT] Heartbeat sent to agent session
[2025-08-04 13:43:41] [HEARTBEAT] Heartbeat sent to agent session
[2025-08-04 13:44:46] [HEARTBEAT] Heartbeat sent to agent session
[2025-08-04 13:45:50] [HEARTBEAT] Heartbeat sent to agent session
[2025-08-04 13:46:54] [HEARTBEAT] Heartbeat sent to agent session
[2025-08-04 13:47:59] [HEARTBEAT] Heartbeat sent to agent session
[2025-08-04 13:49:03] [HEARTBEAT] Heartbeat sent to agent session
[2025-08-04 13:50:07] [HEARTBEAT] Heartbeat sent to agent session
[2025-08-04 13:51:12] [HEARTBEAT] Heartbeat sent to agent session
[2025-08-04 13:52:16] [HEARTBEAT] Heartbeat sent to agent session
[2025-08-04 13:53:20] [HEARTBEAT] Heartbeat sent to agent session
[2025-08-04 13:54:25] [HEARTBEAT] Heartbeat sent to agent session
[2025-08-04 13:55:29] [HEARTBEAT] Heartbeat sent to agent session
[2025-08-04 13:56:34] [HEARTBEAT] Heartbeat sent to agent session
[2025-08-04 13:57:38] [HEARTBEAT] Heartbeat sent to agent session
[2025-08-04 13:58:42] [HEARTBEAT] Heartbeat sent to agent session
[2025-08-04 13:59:46] [HEARTBEAT] Heartbeat sent to agent session
[2025-08-04 14:00:51] [HEARTBEAT] Heartbeat sent to agent session
[2025-08-04 14:01:55] [HEARTBEAT] Heartbeat sent to agent session
[2025-08-04 14:03:00] [HEARTBEAT] Heartbeat sent to agent session
[2025-08-04 14:04:05] [HEARTBEAT] Heartbeat sent to agent session
[2025-08-04 14:05:09] [HEARTBEAT] Heartbeat sent to agent session
[2025-08-04 14:06:14] [HEARTBEAT] Heartbeat sent to agent session
[2025-08-04 14:07:19] [HEARTBEAT] Heartbeat sent to agent session
[2025-08-04 14:08:24] [HEARTBEAT] Heartbeat sent to agent session
[2025-08-04 14:09:28] [HEARTBEAT] Heartbeat sent to agent session
[2025-08-04 14:10:33] [HEARTBEAT] Heartbeat sent to agent session
[2025-08-04 14:11:38] [HEARTBEAT] Heartbeat sent to agent session
[2025-08-04 14:12:43] [HEARTBEAT] Heartbeat sent to agent session
[2025-08-04 14:13:48] [HEARTBEAT] Heartbeat sent to agent session
[2025-08-04 14:14:53] [HEARTBEAT] Heartbeat sent to agent session
[2025-08-04 14:15:26] [WARNING] Shutdown signal received. Finishing current cycle and exiting gracefully...
[2025-08-04 14:15:26] [NOTICE] Shutdown requested, interrupting sleep.
[2025-08-04 14:15:26] [NOTICE] Heartbeat stopped gracefully at 2025-08-04 14:15:26
